mode: atomic
github.com/rwilliamspbg-ops/Sovereign-Mohawk-Proto/cmd/aggregator/main.go:23.45,25.20 2 6
github.com/rwilliamspbg-ops/Sovereign-Mohawk-Proto/cmd/aggregator/main.go:25.20,27.3 1 4
github.com/rwilliamspbg-ops/Sovereign-Mohawk-Proto/cmd/aggregator/main.go:28.2,29.62 2 2
github.com/rwilliamspbg-ops/Sovereign-Mohawk-Proto/cmd/aggregator/main.go:29.62,31.3 1 1
github.com/rwilliamspbg-ops/Sovereign-Mohawk-Proto/cmd/aggregator/main.go:32.2,33.76 2 1
github.com/rwilliamspbg-ops/Sovereign-Mohawk-Proto/cmd/aggregator/main.go:36.63,37.33 1 6
github.com/rwilliamspbg-ops/Sovereign-Mohawk-Proto/cmd/aggregator/main.go:37.33,40.3 2 0
github.com/rwilliamspbg-ops/Sovereign-Mohawk-Proto/cmd/aggregator/main.go:41.2,41.26 1 6
github.com/rwilliamspbg-ops/Sovereign-Mohawk-Proto/cmd/aggregator/main.go:41.26,44.3 2 1
github.com/rwilliamspbg-ops/Sovereign-Mohawk-Proto/cmd/aggregator/main.go:45.2,48.65 3 5
github.com/rwilliamspbg-ops/Sovereign-Mohawk-Proto/cmd/aggregator/main.go:48.65,51.3 2 1
github.com/rwilliamspbg-ops/Sovereign-Mohawk-Proto/cmd/aggregator/main.go:53.2,53.53 1 4
github.com/rwilliamspbg-ops/Sovereign-Mohawk-Proto/cmd/aggregator/main.go:53.53,62.3 4 2
github.com/rwilliamspbg-ops/Sovereign-Mohawk-Proto/cmd/aggregator/main.go:64.2,67.114 3 2
github.com/rwilliamspbg-ops/Sovereign-Mohawk-Proto/cmd/aggregator/main.go:67.114,69.3 1 0
github.com/rwilliamspbg-ops/Sovereign-Mohawk-Proto/cmd/aggregator/main.go:72.41,74.16 2 4
github.com/rwilliamspbg-ops/Sovereign-Mohawk-Proto/cmd/aggregator/main.go:74.16,76.3 1 0
github.com/rwilliamspbg-ops/Sovereign-Mohawk-Proto/cmd/aggregator/main.go:77.2,78.16 2 4
github.com/rwilliamspbg-ops/Sovereign-Mohawk-Proto/cmd/aggregator/main.go:78.16,80.3 1 0
github.com/rwilliamspbg-ops/Sovereign-Mohawk-Proto/cmd/aggregator/main.go:81.2,81.32 1 4
github.com/rwilliamspbg-ops/Sovereign-Mohawk-Proto/cmd/aggregator/main.go:81.32,83.3 1 1
github.com/rwilliamspbg-ops/Sovereign-Mohawk-Proto/cmd/aggregator/main.go:84.2,85.17 2 3
github.com/rwilliamspbg-ops/Sovereign-Mohawk-Proto/cmd/aggregator/main.go:88.57,90.15 2 8
github.com/rwilliamspbg-ops/Sovereign-Mohawk-Proto/cmd/aggregator/main.go:90.15,92.3 1 2
github.com/rwilliamspbg-ops/Sovereign-Mohawk-Proto/cmd/aggregator/main.go:93.2,94.16 2 6
github.com/rwilliamspbg-ops/Sovereign-Mohawk-Proto/cmd/aggregator/main.go:94.16,96.3 1 0
github.com/rwilliamspbg-ops/Sovereign-Mohawk-Proto/cmd/aggregator/main.go:97.2,97.21 1 6
github.com/rwilliamspbg-ops/Sovereign-Mohawk-Proto/cmd/aggregator/main.go:100.13,102.16 2 0
github.com/rwilliamspbg-ops/Sovereign-Mohawk-Proto/cmd/aggregator/main.go:102.16,104.3 1 0
github.com/rwilliamspbg-ops/Sovereign-Mohawk-Proto/cmd/aggregator/main.go:106.2,109.59 3 0
github.com/rwilliamspbg-ops/Sovereign-Mohawk-Proto/cmd/aggregator/main.go:109.59,111.3 1 0
github.com/rwilliamspbg-ops/Sovereign-Mohawk-Proto/cmd/federated-router/main.go:19.13,21.16 2 0
github.com/rwilliamspbg-ops/Sovereign-Mohawk-Proto/cmd/federated-router/main.go:21.16,23.3 1 0
github.com/rwilliamspbg-ops/Sovereign-Mohawk-Proto/cmd/federated-router/main.go:25.2,29.12 3 0
github.com/rwilliamspbg-ops/Sovereign-Mohawk-Proto/cmd/federated-router/main.go:29.12,34.70 5 0
github.com/rwilliamspbg-ops/Sovereign-Mohawk-Proto/cmd/federated-router/main.go:34.70,36.4 1 0
github.com/rwilliamspbg-ops/Sovereign-Mohawk-Proto/cmd/federated-router/main.go:39.2,41.62 3 0
github.com/rwilliamspbg-ops/Sovereign-Mohawk-Proto/cmd/federated-router/main.go:41.62,43.3 1 0
github.com/rwilliamspbg-ops/Sovereign-Mohawk-Proto/cmd/federated-router/main.go:46.49,50.22 4 0
github.com/rwilliamspbg-ops/Sovereign-Mohawk-Proto/cmd/federated-router/main.go:50.22,54.3 3 0
github.com/rwilliamspbg-ops/Sovereign-Mohawk-Proto/cmd/federated-router/main.go:55.2,57.23 3 0
github.com/rwilliamspbg-ops/Sovereign-Mohawk-Proto/cmd/federated-router/main.go:57.23,59.17 2 0
github.com/rwilliamspbg-ops/Sovereign-Mohawk-Proto/cmd/federated-router/main.go:59.17,61.4 1 0
github.com/rwilliamspbg-ops/Sovereign-Mohawk-Proto/cmd/federated-router/main.go:62.3,62.22 1 0
github.com/rwilliamspbg-ops/Sovereign-Mohawk-Proto/cmd/federated-router/main.go:63.8,65.3 1 0
github.com/rwilliamspbg-ops/Sovereign-Mohawk-Proto/cmd/federated-router/main.go:67.2,68.59 2 0
github.com/rwilliamspbg-ops/Sovereign-Mohawk-Proto/cmd/federated-router/main.go:68.59,69.26 1 0
github.com/rwilliamspbg-ops/Sovereign-Mohawk-Proto/cmd/federated-router/main.go:69.26,71.4 1 0
github.com/rwilliamspbg-ops/Sovereign-Mohawk-Proto/cmd/federated-router/main.go:72.3,72.35 1 0
github.com/rwilliamspbg-ops/Sovereign-Mohawk-Proto/cmd/federated-router/main.go:75.2,78.76 1 0
github.com/rwilliamspbg-ops/Sovereign-Mohawk-Proto/cmd/federated-router/main.go:78.76,80.4 1 0
github.com/rwilliamspbg-ops/Sovereign-Mohawk-Proto/cmd/federated-router/main.go:83.2,84.15 2 0
github.com/rwilliamspbg-ops/Sovereign-Mohawk-Proto/cmd/federated-router/main.go:87.48,89.76 2 2
github.com/rwilliamspbg-ops/Sovereign-Mohawk-Proto/cmd/federated-router/main.go:89.76,92.3 2 0
github.com/rwilliamspbg-ops/Sovereign-Mohawk-Proto/cmd/federated-router/main.go:93.2,98.12 5 2
github.com/rwilliamspbg-ops/Sovereign-Mohawk-Proto/cmd/federated-router/main.go:102.56,103.71 1 0
github.com/rwilliamspbg-ops/Sovereign-Mohawk-Proto/cmd/federated-router/main.go:103.71,104.16 1 0
github.com/rwilliamspbg-ops/Sovereign-Mohawk-Proto/cmd/federated-router/main.go:104.16,105.36 1 0
github.com/rwilliamspbg-ops/Sovereign-Mohawk-Proto/cmd/federated-router/main.go:105.36,108.5 2 0
github.com/rwilliamspbg-ops/Sovereign-Mohawk-Proto/cmd/federated-router/main.go:110.3,110.23 1 0
github.com/rwilliamspbg-ops/Sovereign-Mohawk-Proto/cmd/federated-router/main.go:114.56,115.76 1 2
github.com/rwilliamspbg-ops/Sovereign-Mohawk-Proto/cmd/federated-router/main.go:115.76,116.36 1 1
github.com/rwilliamspbg-ops/Sovereign-Mohawk-Proto/cmd/federated-router/main.go:116.36,120.4 3 0
github.com/rwilliamspbg-ops/Sovereign-Mohawk-Proto/cmd/federated-router/main.go:121.3,122.66 2 1
github.com/rwilliamspbg-ops/Sovereign-Mohawk-Proto/cmd/federated-router/main.go:122.66,127.4 4 0
github.com/rwilliamspbg-ops/Sovereign-Mohawk-Proto/cmd/federated-router/main.go:129.3,129.121 1 1
github.com/rwilliamspbg-ops/Sovereign-Mohawk-Proto/cmd/federated-router/main.go:129.121,134.4 4 0
github.com/rwilliamspbg-ops/Sovereign-Mohawk-Proto/cmd/federated-router/main.go:135.3,136.17 2 1
github.com/rwilliamspbg-ops/Sovereign-Mohawk-Proto/cmd/federated-router/main.go:136.17,141.4 4 0
github.com/rwilliamspbg-ops/Sovereign-Mohawk-Proto/cmd/federated-router/main.go:142.3,143.43 2 1
github.com/rwilliamspbg-ops/Sovereign-Mohawk-Proto/cmd/federated-router/main.go:147.58,148.76 1 2
github.com/rwilliamspbg-ops/Sovereign-Mohawk-Proto/cmd/federated-router/main.go:148.76,149.36 1 2
github.com/rwilliamspbg-ops/Sovereign-Mohawk-Proto/cmd/federated-router/main.go:149.36,153.4 3 0
github.com/rwilliamspbg-ops/Sovereign-Mohawk-Proto/cmd/federated-router/main.go:154.3,155.64 2 2
github.com/rwilliamspbg-ops/Sovereign-Mohawk-Proto/cmd/federated-router/main.go:155.64,160.4 4 0
github.com/rwilliamspbg-ops/Sovereign-Mohawk-Proto/cmd/federated-router/main.go:162.3,162.131 1 2
github.com/rwilliamspbg-ops/Sovereign-Mohawk-Proto/cmd/federated-router/main.go:162.131,167.4 4 0
github.com/rwilliamspbg-ops/Sovereign-Mohawk-Proto/cmd/federated-router/main.go:168.3,168.53 1 2
github.com/rwilliamspbg-ops/Sovereign-Mohawk-Proto/cmd/federated-router/main.go:168.53,173.4 4 1
github.com/rwilliamspbg-ops/Sovereign-Mohawk-Proto/cmd/federated-router/main.go:174.3,175.38 2 1
github.com/rwilliamspbg-ops/Sovereign-Mohawk-Proto/cmd/federated-router/main.go:179.57,180.56 1 2
github.com/rwilliamspbg-ops/Sovereign-Mohawk-Proto/cmd/federated-router/main.go:180.56,181.35 1 1
github.com/rwilliamspbg-ops/Sovereign-Mohawk-Proto/cmd/federated-router/main.go:181.35,185.4 3 0
github.com/rwilliamspbg-ops/Sovereign-Mohawk-Proto/cmd/federated-router/main.go:186.3,188.17 3 1
github.com/rwilliamspbg-ops/Sovereign-Mohawk-Proto/cmd/federated-router/main.go:188.17,192.4 3 0
github.com/rwilliamspbg-ops/Sovereign-Mohawk-Proto/cmd/federated-router/main.go:193.3,194.40 2 1
github.com/rwilliamspbg-ops/Sovereign-Mohawk-Proto/cmd/federated-router/main.go:198.59,199.76 1 2
github.com/rwilliamspbg-ops/Sovereign-Mohawk-Proto/cmd/federated-router/main.go:199.76,200.21 1 2
github.com/rwilliamspbg-ops/Sovereign-Mohawk-Proto/cmd/federated-router/main.go:201.23,205.42 4 1
github.com/rwilliamspbg-ops/Sovereign-Mohawk-Proto/cmd/federated-router/main.go:206.24,208.67 2 1
github.com/rwilliamspbg-ops/Sovereign-Mohawk-Proto/cmd/federated-router/main.go:208.67,213.5 4 0
github.com/rwilliamspbg-ops/Sovereign-Mohawk-Proto/cmd/federated-router/main.go:215.4,215.118 1 1
github.com/rwilliamspbg-ops/Sovereign-Mohawk-Proto/cmd/federated-router/main.go:215.118,220.5 4 0
github.com/rwilliamspbg-ops/Sovereign-Mohawk-Proto/cmd/federated-router/main.go:221.4,222.18 2 1
github.com/rwilliamspbg-ops/Sovereign-Mohawk-Proto/cmd/federated-router/main.go:222.18,227.5 4 0
github.com/rwilliamspbg-ops/Sovereign-Mohawk-Proto/cmd/federated-router/main.go:228.4,230.41 3 1
github.com/rwilliamspbg-ops/Sovereign-Mohawk-Proto/cmd/federated-router/main.go:231.11,233.68 2 0
github.com/rwilliamspbg-ops/Sovereign-Mohawk-Proto/cmd/federated-router/main.go:242.66,243.54 1 6
github.com/rwilliamspbg-ops/Sovereign-Mohawk-Proto/cmd/federated-router/main.go:243.54,247.17 4 5
github.com/rwilliamspbg-ops/Sovereign-Mohawk-Proto/cmd/federated-router/main.go:247.17,251.4 3 0
github.com/rwilliamspbg-ops/Sovereign-Mohawk-Proto/cmd/federated-router/main.go:252.3,254.13 3 5
github.com/rwilliamspbg-ops/Sovereign-Mohawk-Proto/cmd/federated-router/main.go:258.44,259.16 1 1
github.com/rwilliamspbg-ops/Sovereign-Mohawk-Proto/cmd/federated-router/main.go:259.16,261.3 1 0
github.com/rwilliamspbg-ops/Sovereign-Mohawk-Proto/cmd/federated-router/main.go:262.2,263.9 2 1
github.com/rwilliamspbg-ops/Sovereign-Mohawk-Proto/cmd/federated-router/main.go:264.62,265.30 1 0
github.com/rwilliamspbg-ops/Sovereign-Mohawk-Proto/cmd/federated-router/main.go:266.55,267.39 1 0
github.com/rwilliamspbg-ops/Sovereign-Mohawk-Proto/cmd/federated-router/main.go:268.47,269.25 1 1
github.com/rwilliamspbg-ops/Sovereign-Mohawk-Proto/cmd/federated-router/main.go:270.48,271.27 1 0
github.com/rwilliamspbg-ops/Sovereign-Mohawk-Proto/cmd/federated-router/main.go:272.45,273.22 1 0
github.com/rwilliamspbg-ops/Sovereign-Mohawk-Proto/cmd/federated-router/main.go:274.10,275.24 1 0
github.com/rwilliamspbg-ops/Sovereign-Mohawk-Proto/cmd/federated-router/main.go:279.36,282.2 2 0
github.com/rwilliamspbg-ops/Sovereign-Mohawk-Proto/cmd/federated-router/main.go:284.56,286.57 2 0
github.com/rwilliamspbg-ops/Sovereign-Mohawk-Proto/cmd/federated-router/main.go:286.57,288.3 1 0
github.com/rwilliamspbg-ops/Sovereign-Mohawk-Proto/cmd/federated-router/main.go:291.50,293.47 2 0
github.com/rwilliamspbg-ops/Sovereign-Mohawk-Proto/cmd/federated-router/main.go:293.47,295.22 2 0
github.com/rwilliamspbg-ops/Sovereign-Mohawk-Proto/cmd/federated-router/main.go:295.22,296.12 1 0
github.com/rwilliamspbg-ops/Sovereign-Mohawk-Proto/cmd/federated-router/main.go:298.3,300.35 3 0
github.com/rwilliamspbg-ops/Sovereign-Mohawk-Proto/cmd/federated-router/main.go:300.35,301.12 1 0
github.com/rwilliamspbg-ops/Sovereign-Mohawk-Proto/cmd/federated-router/main.go:303.3,303.50 1 0
github.com/rwilliamspbg-ops/Sovereign-Mohawk-Proto/cmd/federated-router/main.go:305.2,305.15 1 0
github.com/rwilliamspbg-ops/Sovereign-Mohawk-Proto/cmd/federated-router/main.go:308.51,309.36 1 0
github.com/rwilliamspbg-ops/Sovereign-Mohawk-Proto/cmd/federated-router/main.go:309.36,311.3 1 0
github.com/rwilliamspbg-ops/Sovereign-Mohawk-Proto/cmd/federated-router/main.go:312.2,312.14 1 0
github.com/rwilliamspbg-ops/Sovereign-Mohawk-Proto/cmd/fl-aggregator/main.go:38.45,40.20 2 6
github.com/rwilliamspbg-ops/Sovereign-Mohawk-Proto/cmd/fl-aggregator/main.go:40.20,42.3 1 4
github.com/rwilliamspbg-ops/Sovereign-Mohawk-Proto/cmd/fl-aggregator/main.go:43.2,44.62 2 2
github.com/rwilliamspbg-ops/Sovereign-Mohawk-Proto/cmd/fl-aggregator/main.go:44.62,46.3 1 1
github.com/rwilliamspbg-ops/Sovereign-Mohawk-Proto/cmd/fl-aggregator/main.go:47.2,48.76 2 1
github.com/rwilliamspbg-ops/Sovereign-Mohawk-Proto/cmd/fl-aggregator/main.go:51.13,55.2 3 0
github.com/rwilliamspbg-ops/Sovereign-Mohawk-Proto/cmd/fl-aggregator/main.go:57.59,58.26 1 6
github.com/rwilliamspbg-ops/Sovereign-Mohawk-Proto/cmd/fl-aggregator/main.go:58.26,61.3 2 1
github.com/rwilliamspbg-ops/Sovereign-Mohawk-Proto/cmd/fl-aggregator/main.go:62.2,64.16 3 5
github.com/rwilliamspbg-ops/Sovereign-Mohawk-Proto/cmd/fl-aggregator/main.go:64.16,67.3 2 1
github.com/rwilliamspbg-ops/Sovereign-Mohawk-Proto/cmd/fl-aggregator/main.go:68.2,69.49 2 4
github.com/rwilliamspbg-ops/Sovereign-Mohawk-Proto/cmd/fl-aggregator/main.go:69.49,72.3 2 0
github.com/rwilliamspbg-ops/Sovereign-Mohawk-Proto/cmd/fl-aggregator/main.go:74.2,74.53 1 4
github.com/rwilliamspbg-ops/Sovereign-Mohawk-Proto/cmd/fl-aggregator/main.go:74.53,83.3 4 2
github.com/rwilliamspbg-ops/Sovereign-Mohawk-Proto/cmd/fl-aggregator/main.go:85.2,87.28 3 2
github.com/rwilliamspbg-ops/Sovereign-Mohawk-Proto/cmd/fl-aggregator/main.go:87.28,89.3 1 6
github.com/rwilliamspbg-ops/Sovereign-Mohawk-Proto/cmd/fl-aggregator/main.go:90.2,91.20 2 2
github.com/rwilliamspbg-ops/Sovereign-Mohawk-Proto/cmd/fl-aggregator/main.go:91.20,93.26 2 0
github.com/rwilliamspbg-ops/Sovereign-Mohawk-Proto/cmd/fl-aggregator/main.go:93.26,95.4 1 0
github.com/rwilliamspbg-ops/Sovereign-Mohawk-Proto/cmd/fl-aggregator/main.go:98.2,101.95 4 2
github.com/rwilliamspbg-ops/Sovereign-Mohawk-Proto/cmd/fl-aggregator/main.go:104.41,106.16 2 4
github.com/rwilliamspbg-ops/Sovereign-Mohawk-Proto/cmd/fl-aggregator/main.go:106.16,108.3 1 0
github.com/rwilliamspbg-ops/Sovereign-Mohawk-Proto/cmd/fl-aggregator/main.go:109.2,110.16 2 4
github.com/rwilliamspbg-ops/Sovereign-Mohawk-Proto/cmd/fl-aggregator/main.go:110.16,112.3 1 0
github.com/rwilliamspbg-ops/Sovereign-Mohawk-Proto/cmd/fl-aggregator/main.go:113.2,113.32 1 4
github.com/rwilliamspbg-ops/Sovereign-Mohawk-Proto/cmd/fl-aggregator/main.go:113.32,115.3 1 1
github.com/rwilliamspbg-ops/Sovereign-Mohawk-Proto/cmd/fl-aggregator/main.go:116.2,117.17 2 3
github.com/rwilliamspbg-ops/Sovereign-Mohawk-Proto/cmd/fl-aggregator/main.go:120.57,122.15 2 8
github.com/rwilliamspbg-ops/Sovereign-Mohawk-Proto/cmd/fl-aggregator/main.go:122.15,124.3 1 2
github.com/rwilliamspbg-ops/Sovereign-Mohawk-Proto/cmd/fl-aggregator/main.go:125.2,126.16 2 6
github.com/rwilliamspbg-ops/Sovereign-Mohawk-Proto/cmd/fl-aggregator/main.go:126.16,128.3 1 0
github.com/rwilliamspbg-ops/Sovereign-Mohawk-Proto/cmd/fl-aggregator/main.go:129.2,129.21 1 6
github.com/rwilliamspbg-ops/Sovereign-Mohawk-Proto/cmd/api-dashboard/main.go:28.13,31.80 2 0
github.com/rwilliamspbg-ops/Sovereign-Mohawk-Proto/cmd/api-dashboard/main.go:31.80,39.3 3 0
github.com/rwilliamspbg-ops/Sovereign-Mohawk-Proto/cmd/api-dashboard/main.go:41.2,42.46 2 0
github.com/rwilliamspbg-ops/Sovereign-Mohawk-Proto/cmd/node-agent/main.go:64.13,68.16 3 0
github.com/rwilliamspbg-ops/Sovereign-Mohawk-Proto/cmd/node-agent/main.go:68.16,70.3 1 0
github.com/rwilliamspbg-ops/Sovereign-Mohawk-Proto/cmd/node-agent/main.go:71.2,72.32 2 0
github.com/rwilliamspbg-ops/Sovereign-Mohawk-Proto/cmd/node-agent/main.go:72.32,74.3 1 0
github.com/rwilliamspbg-ops/Sovereign-Mohawk-Proto/cmd/node-agent/main.go:75.2,88.16 12 0
github.com/rwilliamspbg-ops/Sovereign-Mohawk-Proto/cmd/node-agent/main.go:88.16,90.3 1 0
github.com/rwilliamspbg-ops/Sovereign-Mohawk-Proto/cmd/node-agent/main.go:91.2,96.16 5 0
github.com/rwilliamspbg-ops/Sovereign-Mohawk-Proto/cmd/node-agent/main.go:96.16,98.3 1 0
github.com/rwilliamspbg-ops/Sovereign-Mohawk-Proto/cmd/node-agent/main.go:99.2,102.16 3 0
github.com/rwilliamspbg-ops/Sovereign-Mohawk-Proto/cmd/node-agent/main.go:102.16,104.3 1 0
github.com/rwilliamspbg-ops/Sovereign-Mohawk-Proto/cmd/node-agent/main.go:105.2,105.55 1 0
github.com/rwilliamspbg-ops/Sovereign-Mohawk-Proto/cmd/node-agent/main.go:105.55,107.3 1 0
github.com/rwilliamspbg-ops/Sovereign-Mohawk-Proto/cmd/node-agent/main.go:109.2,109.60 1 0
github.com/rwilliamspbg-ops/Sovereign-Mohawk-Proto/cmd/node-agent/main.go:109.60,111.3 1 0
github.com/rwilliamspbg-ops/Sovereign-Mohawk-Proto/cmd/node-agent/main.go:112.2,112.90 1 0
github.com/rwilliamspbg-ops/Sovereign-Mohawk-Proto/cmd/node-agent/main.go:112.90,114.3 1 0
github.com/rwilliamspbg-ops/Sovereign-Mohawk-Proto/cmd/node-agent/main.go:115.2,115.78 1 0
github.com/rwilliamspbg-ops/Sovereign-Mohawk-Proto/cmd/node-agent/main.go:115.78,117.3 1 0
github.com/rwilliamspbg-ops/Sovereign-Mohawk-Proto/cmd/node-agent/main.go:119.2,120.16 2 0
github.com/rwilliamspbg-ops/Sovereign-Mohawk-Proto/cmd/node-agent/main.go:120.16,122.3 1 0
github.com/rwilliamspbg-ops/Sovereign-Mohawk-Proto/cmd/node-agent/main.go:124.2,125.16 2 0
github.com/rwilliamspbg-ops/Sovereign-Mohawk-Proto/cmd/node-agent/main.go:125.16,127.3 1 0
github.com/rwilliamspbg-ops/Sovereign-Mohawk-Proto/cmd/node-agent/main.go:128.2,138.16 8 0
github.com/rwilliamspbg-ops/Sovereign-Mohawk-Proto/cmd/node-agent/main.go:138.16,139.41 1 0
github.com/rwilliamspbg-ops/Sovereign-Mohawk-Proto/cmd/node-agent/main.go:139.41,140.38 1 0
github.com/rwilliamspbg-ops/Sovereign-Mohawk-Proto/cmd/node-agent/main.go:140.38,143.27 3 0
github.com/rwilliamspbg-ops/Sovereign-Mohawk-Proto/cmd/node-agent/main.go:143.27,145.6 1 0
github.com/rwilliamspbg-ops/Sovereign-Mohawk-Proto/cmd/node-agent/main.go:146.5,148.36 3 0
github.com/rwilliamspbg-ops/Sovereign-Mohawk-Proto/cmd/node-agent/main.go:149.10,151.5 1 0
github.com/rwilliamspbg-ops/Sovereign-Mohawk-Proto/cmd/node-agent/main.go:152.9,157.4 4 0
github.com/rwilliamspbg-ops/Sovereign-Mohawk-Proto/cmd/node-agent/main.go:158.8,163.3 4 0
github.com/rwilliamspbg-ops/Sovereign-Mohawk-Proto/cmd/node-agent/main.go:166.2,172.66 4 0
github.com/rwilliamspbg-ops/Sovereign-Mohawk-Proto/cmd/node-agent/main.go:175.124,177.30 2 0
github.com/rwilliamspbg-ops/Sovereign-Mohawk-Proto/cmd/node-agent/main.go:177.30,179.3 1 0
github.com/rwilliamspbg-ops/Sovereign-Mohawk-Proto/cmd/node-agent/main.go:180.2,186.6 5 0
github.com/rwilliamspbg-ops/Sovereign-Mohawk-Proto/cmd/node-agent/main.go:186.6,187.94 1 0
github.com/rwilliamspbg-ops/Sovereign-Mohawk-Proto/cmd/node-agent/main.go:187.94,190.20 3 0
github.com/rwilliamspbg-ops/Sovereign-Mohawk-Proto/cmd/node-agent/main.go:190.20,192.5 1 0
github.com/rwilliamspbg-ops/Sovereign-Mohawk-Proto/cmd/node-agent/main.go:193.4,194.11 2 0
github.com/rwilliamspbg-ops/Sovereign-Mohawk-Proto/cmd/node-agent/main.go:195.26,196.11 1 0
github.com/rwilliamspbg-ops/Sovereign-Mohawk-Proto/cmd/node-agent/main.go:197.45,197.45 0 0
github.com/rwilliamspbg-ops/Sovereign-Mohawk-Proto/cmd/node-agent/main.go:199.9,201.4 1 0
github.com/rwilliamspbg-ops/Sovereign-Mohawk-Proto/cmd/node-agent/main.go:202.3,204.10 2 0
github.com/rwilliamspbg-ops/Sovereign-Mohawk-Proto/cmd/node-agent/main.go:205.25,207.10 2 0
github.com/rwilliamspbg-ops/Sovereign-Mohawk-Proto/cmd/node-agent/main.go:208.19,208.19 0 0
github.com/rwilliamspbg-ops/Sovereign-Mohawk-Proto/cmd/node-agent/main.go:213.152,214.15 1 0
github.com/rwilliamspbg-ops/Sovereign-Mohawk-Proto/cmd/node-agent/main.go:214.15,215.47 1 0
github.com/rwilliamspbg-ops/Sovereign-Mohawk-Proto/cmd/node-agent/main.go:215.47,217.4 1 0
github.com/rwilliamspbg-ops/Sovereign-Mohawk-Proto/cmd/node-agent/main.go:220.2,224.16 4 0
github.com/rwilliamspbg-ops/Sovereign-Mohawk-Proto/cmd/node-agent/main.go:224.16,226.3 1 0
github.com/rwilliamspbg-ops/Sovereign-Mohawk-Proto/cmd/node-agent/main.go:227.2,227.55 1 0
github.com/rwilliamspbg-ops/Sovereign-Mohawk-Proto/cmd/node-agent/main.go:227.55,229.3 1 0
github.com/rwilliamspbg-ops/Sovereign-Mohawk-Proto/cmd/node-agent/main.go:231.2,231.65 1 0
github.com/rwilliamspbg-ops/Sovereign-Mohawk-Proto/cmd/node-agent/main.go:231.65,233.3 1 0
github.com/rwilliamspbg-ops/Sovereign-Mohawk-Proto/cmd/node-agent/main.go:234.2,234.95 1 0
github.com/rwilliamspbg-ops/Sovereign-Mohawk-Proto/cmd/node-agent/main.go:234.95,236.3 1 0
github.com/rwilliamspbg-ops/Sovereign-Mohawk-Proto/cmd/node-agent/main.go:237.2,237.87 1 0
github.com/rwilliamspbg-ops/Sovereign-Mohawk-Proto/cmd/node-agent/main.go:237.87,239.3 1 0
github.com/rwilliamspbg-ops/Sovereign-Mohawk-Proto/cmd/node-agent/main.go:241.2,241.19 1 0
github.com/rwilliamspbg-ops/Sovereign-Mohawk-Proto/cmd/node-agent/main.go:241.19,246.22 5 0
github.com/rwilliamspbg-ops/Sovereign-Mohawk-Proto/cmd/node-agent/main.go:246.22,251.4 4 0
github.com/rwilliamspbg-ops/Sovereign-Mohawk-Proto/cmd/node-agent/main.go:251.9,255.4 3 0
github.com/rwilliamspbg-ops/Sovereign-Mohawk-Proto/cmd/node-agent/main.go:258.2,259.12 2 0
github.com/rwilliamspbg-ops/Sovereign-Mohawk-Proto/cmd/node-agent/main.go:262.52,263.16 1 0
github.com/rwilliamspbg-ops/Sovereign-Mohawk-Proto/cmd/node-agent/main.go:263.16,265.3 1 0
github.com/rwilliamspbg-ops/Sovereign-Mohawk-Proto/cmd/node-agent/main.go:266.2,266.79 1 0
github.com/rwilliamspbg-ops/Sovereign-Mohawk-Proto/cmd/node-agent/main.go:270.30,272.28 2 0
github.com/rwilliamspbg-ops/Sovereign-Mohawk-Proto/cmd/node-agent/main.go:272.28,274.3 1 0
github.com/rwilliamspbg-ops/Sovereign-Mohawk-Proto/cmd/node-agent/main.go:286.71,287.32 1 0
github.com/rwilliamspbg-ops/Sovereign-Mohawk-Proto/cmd/node-agent/main.go:287.32,289.3 1 0
github.com/rwilliamspbg-ops/Sovereign-Mohawk-Proto/cmd/node-agent/main.go:290.2,291.16 2 0
github.com/rwilliamspbg-ops/Sovereign-Mohawk-Proto/cmd/node-agent/main.go:291.16,293.3 1 0
github.com/rwilliamspbg-ops/Sovereign-Mohawk-Proto/cmd/node-agent/main.go:294.2,302.16 3 0
github.com/rwilliamspbg-ops/Sovereign-Mohawk-Proto/cmd/node-agent/main.go:302.16,304.3 1 0
github.com/rwilliamspbg-ops/Sovereign-Mohawk-Proto/cmd/node-agent/main.go:305.2,306.16 2 0
github.com/rwilliamspbg-ops/Sovereign-Mohawk-Proto/cmd/node-agent/main.go:306.16,308.3 1 0
github.com/rwilliamspbg-ops/Sovereign-Mohawk-Proto/cmd/node-agent/main.go:309.2,310.38 2 0
github.com/rwilliamspbg-ops/Sovereign-Mohawk-Proto/cmd/node-agent/main.go:310.38,312.3 1 0
github.com/rwilliamspbg-ops/Sovereign-Mohawk-Proto/cmd/node-agent/main.go:313.2,314.65 2 0
github.com/rwilliamspbg-ops/Sovereign-Mohawk-Proto/cmd/node-agent/main.go:314.65,316.3 1 0
github.com/rwilliamspbg-ops/Sovereign-Mohawk-Proto/cmd/node-agent/main.go:317.2,317.19 1 0
github.com/rwilliamspbg-ops/Sovereign-Mohawk-Proto/cmd/node-agent/main.go:322.109,325.16 3 0
github.com/rwilliamspbg-ops/Sovereign-Mohawk-Proto/cmd/node-agent/main.go:325.16,330.3 4 0
github.com/rwilliamspbg-ops/Sovereign-Mohawk-Proto/cmd/node-agent/main.go:331.2,331.43 1 0
github.com/rwilliamspbg-ops/Sovereign-Mohawk-Proto/cmd/node-agent/main.go:331.43,333.23 2 0
github.com/rwilliamspbg-ops/Sovereign-Mohawk-Proto/cmd/node-agent/main.go:333.23,338.4 4 0
github.com/rwilliamspbg-ops/Sovereign-Mohawk-Proto/cmd/node-agent/main.go:339.3,339.42 1 0
github.com/rwilliamspbg-ops/Sovereign-Mohawk-Proto/cmd/node-agent/main.go:339.42,344.4 4 0
github.com/rwilliamspbg-ops/Sovereign-Mohawk-Proto/cmd/node-agent/main.go:345.3,345.119 1 0
github.com/rwilliamspbg-ops/Sovereign-Mohawk-Proto/cmd/node-agent/main.go:345.119,350.4 4 0
github.com/rwilliamspbg-ops/Sovereign-Mohawk-Proto/cmd/node-agent/main.go:352.2,353.16 2 0
github.com/rwilliamspbg-ops/Sovereign-Mohawk-Proto/cmd/node-agent/main.go:353.16,358.3 4 0
github.com/rwilliamspbg-ops/Sovereign-Mohawk-Proto/cmd/node-agent/main.go:359.2,360.31 2 0
github.com/rwilliamspbg-ops/Sovereign-Mohawk-Proto/cmd/node-agent/main.go:360.31,362.17 2 0
github.com/rwilliamspbg-ops/Sovereign-Mohawk-Proto/cmd/node-agent/main.go:362.17,364.12 2 0
github.com/rwilliamspbg-ops/Sovereign-Mohawk-Proto/cmd/node-agent/main.go:366.3,366.36 1 0
github.com/rwilliamspbg-ops/Sovereign-Mohawk-Proto/cmd/node-agent/main.go:368.2,376.16 4 0
github.com/rwilliamspbg-ops/Sovereign-Mohawk-Proto/cmd/node-agent/main.go:376.16,381.3 4 0
github.com/rwilliamspbg-ops/Sovereign-Mohawk-Proto/cmd/node-agent/main.go:382.2,384.19 3 0
github.com/rwilliamspbg-ops/Sovereign-Mohawk-Proto/cmd/node-agent/main.go:384.19,387.3 2 0
github.com/rwilliamspbg-ops/Sovereign-Mohawk-Proto/cmd/node-agent/main.go:388.2,388.182 1 0
github.com/rwilliamspbg-ops/Sovereign-Mohawk-Proto/cmd/node-agent/main.go:391.40,393.23 2 0
github.com/rwilliamspbg-ops/Sovereign-Mohawk-Proto/cmd/node-agent/main.go:393.23,395.3 1 0
github.com/rwilliamspbg-ops/Sovereign-Mohawk-Proto/cmd/node-agent/main.go:396.2,396.12 1 0
github.com/rwilliamspbg-ops/Sovereign-Mohawk-Proto/cmd/node-agent/main.go:396.12,400.63 4 0
github.com/rwilliamspbg-ops/Sovereign-Mohawk-Proto/cmd/node-agent/main.go:400.63,402.4 1 0
github.com/rwilliamspbg-ops/Sovereign-Mohawk-Proto/cmd/node-agent/main.go:406.35,408.16 2 0
github.com/rwilliamspbg-ops/Sovereign-Mohawk-Proto/cmd/node-agent/main.go:408.16,410.3 1 0
github.com/rwilliamspbg-ops/Sovereign-Mohawk-Proto/cmd/node-agent/main.go:411.2,428.8 2 0
github.com/rwilliamspbg-ops/Sovereign-Mohawk-Proto/cmd/node-agent/main.go:431.54,433.16 2 0
github.com/rwilliamspbg-ops/Sovereign-Mohawk-Proto/cmd/node-agent/main.go:433.16,435.3 1 0
github.com/rwilliamspbg-ops/Sovereign-Mohawk-Proto/cmd/node-agent/main.go:436.2,436.36 1 0
github.com/rwilliamspbg-ops/Sovereign-Mohawk-Proto/cmd/node-agent/main.go:436.36,439.3 2 0
github.com/rwilliamspbg-ops/Sovereign-Mohawk-Proto/cmd/node-agent/main.go:440.2,440.148 1 0
github.com/rwilliamspbg-ops/Sovereign-Mohawk-Proto/cmd/node-agent/main.go:443.46,455.2 1 0
github.com/rwilliamspbg-ops/Sovereign-Mohawk-Proto/cmd/node-agent/main.go:457.78,458.32 1 0
github.com/rwilliamspbg-ops/Sovereign-Mohawk-Proto/cmd/node-agent/main.go:458.32,460.3 1 0
github.com/rwilliamspbg-ops/Sovereign-Mohawk-Proto/cmd/node-agent/main.go:461.2,462.16 2 0
github.com/rwilliamspbg-ops/Sovereign-Mohawk-Proto/cmd/node-agent/main.go:462.16,464.3 1 0
github.com/rwilliamspbg-ops/Sovereign-Mohawk-Proto/cmd/node-agent/main.go:465.2,469.16 2 0
github.com/rwilliamspbg-ops/Sovereign-Mohawk-Proto/cmd/node-agent/main.go:469.16,471.3 1 0
github.com/rwilliamspbg-ops/Sovereign-Mohawk-Proto/cmd/node-agent/main.go:472.2,473.16 2 0
github.com/rwilliamspbg-ops/Sovereign-Mohawk-Proto/cmd/node-agent/main.go:473.16,475.3 1 0
github.com/rwilliamspbg-ops/Sovereign-Mohawk-Proto/cmd/node-agent/main.go:476.2,484.16 4 0
github.com/rwilliamspbg-ops/Sovereign-Mohawk-Proto/cmd/node-agent/main.go:484.16,486.3 1 0
github.com/rwilliamspbg-ops/Sovereign-Mohawk-Proto/cmd/node-agent/main.go:487.2,488.46 2 0
github.com/rwilliamspbg-ops/Sovereign-Mohawk-Proto/cmd/node-agent/main.go:488.46,490.3 1 0
github.com/rwilliamspbg-ops/Sovereign-Mohawk-Proto/cmd/node-agent/main.go:491.2,491.12 1 0
github.com/rwilliamspbg-ops/Sovereign-Mohawk-Proto/cmd/node-agent/main.go:494.124,495.29 1 0
github.com/rwilliamspbg-ops/Sovereign-Mohawk-Proto/cmd/node-agent/main.go:495.29,497.3 1 0
github.com/rwilliamspbg-ops/Sovereign-Mohawk-Proto/cmd/node-agent/main.go:498.2,507.16 4 0
github.com/rwilliamspbg-ops/Sovereign-Mohawk-Proto/cmd/node-agent/main.go:507.16,509.3 1 0
github.com/rwilliamspbg-ops/Sovereign-Mohawk-Proto/cmd/node-agent/main.go:510.2,511.12 2 0
github.com/rwilliamspbg-ops/Sovereign-Mohawk-Proto/cmd/node-agent/main.go:514.109,515.26 1 0
github.com/rwilliamspbg-ops/Sovereign-Mohawk-Proto/cmd/node-agent/main.go:515.26,517.3 1 0
github.com/rwilliamspbg-ops/Sovereign-Mohawk-Proto/cmd/node-agent/main.go:518.2,528.88 3 0
github.com/rwilliamspbg-ops/Sovereign-Mohawk-Proto/cmd/node-agent/main.go:528.88,530.3 1 0
github.com/rwilliamspbg-ops/Sovereign-Mohawk-Proto/cmd/node-agent/main.go:532.2,540.72 2 0
github.com/rwilliamspbg-ops/Sovereign-Mohawk-Proto/cmd/node-agent/main.go:543.101,545.16 2 0
github.com/rwilliamspbg-ops/Sovereign-Mohawk-Proto/cmd/node-agent/main.go:545.16,547.3 1 0
github.com/rwilliamspbg-ops/Sovereign-Mohawk-Proto/cmd/node-agent/main.go:548.2,549.16 2 0
github.com/rwilliamspbg-ops/Sovereign-Mohawk-Proto/cmd/node-agent/main.go:549.16,551.3 1 0
github.com/rwilliamspbg-ops/Sovereign-Mohawk-Proto/cmd/node-agent/main.go:552.2,555.16 4 0
github.com/rwilliamspbg-ops/Sovereign-Mohawk-Proto/cmd/node-agent/main.go:555.16,557.3 1 0
github.com/rwilliamspbg-ops/Sovereign-Mohawk-Proto/cmd/node-agent/main.go:558.2,559.46 2 0
github.com/rwilliamspbg-ops/Sovereign-Mohawk-Proto/cmd/node-agent/main.go:559.46,561.3 1 0
github.com/rwilliamspbg-ops/Sovereign-Mohawk-Proto/cmd/node-agent/main.go:562.2,562.12 1 0
github.com/rwilliamspbg-ops/Sovereign-Mohawk-Proto/cmd/node-agent/main.go:565.59,567.29 2 0
github.com/rwilliamspbg-ops/Sovereign-Mohawk-Proto/cmd/node-agent/main.go:567.29,569.3 1 0
github.com/rwilliamspbg-ops/Sovereign-Mohawk-Proto/cmd/node-agent/main.go:570.2,570.15 1 0
github.com/rwilliamspbg-ops/Sovereign-Mohawk-Proto/cmd/node-agent/main.go:573.58,574.17 1 0
github.com/rwilliamspbg-ops/Sovereign-Mohawk-Proto/cmd/node-agent/main.go:574.17,576.3 1 0
github.com/rwilliamspbg-ops/Sovereign-Mohawk-Proto/cmd/node-agent/main.go:577.2,577.14 1 0
github.com/rwilliamspbg-ops/Sovereign-Mohawk-Proto/cmd/node-agent/main.go:580.49,581.17 1 0
github.com/rwilliamspbg-ops/Sovereign-Mohawk-Proto/cmd/node-agent/main.go:581.17,583.3 1 0
github.com/rwilliamspbg-ops/Sovereign-Mohawk-Proto/cmd/node-agent/main.go:584.2,585.16 2 0
github.com/rwilliamspbg-ops/Sovereign-Mohawk-Proto/cmd/node-agent/main.go:585.16,587.3 1 0
github.com/rwilliamspbg-ops/Sovereign-Mohawk-Proto/cmd/node-agent/main.go:588.2,588.15 1 0
github.com/rwilliamspbg-ops/Sovereign-Mohawk-Proto/cmd/node-agent/main.go:591.38,592.17 1 0
github.com/rwilliamspbg-ops/Sovereign-Mohawk-Proto/cmd/node-agent/main.go:592.17,594.3 1 0
github.com/rwilliamspbg-ops/Sovereign-Mohawk-Proto/cmd/node-agent/main.go:595.2,597.29 3 0
github.com/rwilliamspbg-ops/Sovereign-Mohawk-Proto/cmd/node-agent/main.go:597.29,599.20 2 0
github.com/rwilliamspbg-ops/Sovereign-Mohawk-Proto/cmd/node-agent/main.go:599.20,601.4 1 0
github.com/rwilliamspbg-ops/Sovereign-Mohawk-Proto/cmd/node-agent/main.go:603.2,603.12 1 0
github.com/rwilliamspbg-ops/Sovereign-Mohawk-Proto/cmd/orchestrator/aggregator.go:32.59,37.2 1 0
github.com/rwilliamspbg-ops/Sovereign-Mohawk-Proto/cmd/orchestrator/aggregator.go:40.55,45.2 4 0
github.com/rwilliamspbg-ops/Sovereign-Mohawk-Proto/cmd/orchestrator/main.go:55.13,57.64 2 0
github.com/rwilliamspbg-ops/Sovereign-Mohawk-Proto/cmd/orchestrator/main.go:57.64,59.3 1 0
github.com/rwilliamspbg-ops/Sovereign-Mohawk-Proto/cmd/orchestrator/main.go:61.2,62.16 2 0
github.com/rwilliamspbg-ops/Sovereign-Mohawk-Proto/cmd/orchestrator/main.go:62.16,64.3 1 0
github.com/rwilliamspbg-ops/Sovereign-Mohawk-Proto/cmd/orchestrator/main.go:65.2,69.32 4 0
github.com/rwilliamspbg-ops/Sovereign-Mohawk-Proto/cmd/orchestrator/main.go:69.32,71.3 1 0
github.com/rwilliamspbg-ops/Sovereign-Mohawk-Proto/cmd/orchestrator/main.go:72.2,79.59 6 0
github.com/rwilliamspbg-ops/Sovereign-Mohawk-Proto/cmd/orchestrator/main.go:79.59,80.65 1 0
github.com/rwilliamspbg-ops/Sovereign-Mohawk-Proto/cmd/orchestrator/main.go:80.65,82.4 1 0
github.com/rwilliamspbg-ops/Sovereign-Mohawk-Proto/cmd/orchestrator/main.go:85.2,87.16 3 0
github.com/rwilliamspbg-ops/Sovereign-Mohawk-Proto/cmd/orchestrator/main.go:87.16,89.3 1 0
github.com/rwilliamspbg-ops/Sovereign-Mohawk-Proto/cmd/orchestrator/main.go:90.2,94.16 5 0
github.com/rwilliamspbg-ops/Sovereign-Mohawk-Proto/cmd/orchestrator/main.go:94.16,96.3 1 0
github.com/rwilliamspbg-ops/Sovereign-Mohawk-Proto/cmd/orchestrator/main.go:97.2,109.16 6 0
github.com/rwilliamspbg-ops/Sovereign-Mohawk-Proto/cmd/orchestrator/main.go:109.16,111.3 1 0
github.com/rwilliamspbg-ops/Sovereign-Mohawk-Proto/cmd/orchestrator/main.go:112.2,117.121 4 0
github.com/rwilliamspbg-ops/Sovereign-Mohawk-Proto/cmd/orchestrator/main.go:117.121,121.3 2 0
github.com/rwilliamspbg-ops/Sovereign-Mohawk-Proto/cmd/orchestrator/main.go:123.2,138.23 15 0
github.com/rwilliamspbg-ops/Sovereign-Mohawk-Proto/cmd/orchestrator/main.go:138.23,140.3 1 0
github.com/rwilliamspbg-ops/Sovereign-Mohawk-Proto/cmd/orchestrator/main.go:141.2,141.12 1 0
github.com/rwilliamspbg-ops/Sovereign-Mohawk-Proto/cmd/orchestrator/main.go:141.12,145.70 4 0
github.com/rwilliamspbg-ops/Sovereign-Mohawk-Proto/cmd/orchestrator/main.go:145.70,147.4 1 0
github.com/rwilliamspbg-ops/Sovereign-Mohawk-Proto/cmd/orchestrator/main.go:150.2,151.16 2 0
github.com/rwilliamspbg-ops/Sovereign-Mohawk-Proto/cmd/orchestrator/main.go:151.16,153.3 1 0
github.com/rwilliamspbg-ops/Sovereign-Mohawk-Proto/cmd/orchestrator/main.go:155.2,162.49 3 0
github.com/rwilliamspbg-ops/Sovereign-Mohawk-Proto/cmd/orchestrator/main.go:165.59,167.2 1 0
github.com/rwilliamspbg-ops/Sovereign-Mohawk-Proto/cmd/orchestrator/main.go:169.60,171.18 2 0
github.com/rwilliamspbg-ops/Sovereign-Mohawk-Proto/cmd/orchestrator/main.go:171.18,174.3 2 0
github.com/rwilliamspbg-ops/Sovereign-Mohawk-Proto/cmd/orchestrator/main.go:176.2,177.16 2 0
github.com/rwilliamspbg-ops/Sovereign-Mohawk-Proto/cmd/orchestrator/main.go:177.16,180.3 2 0
github.com/rwilliamspbg-ops/Sovereign-Mohawk-Proto/cmd/orchestrator/main.go:182.2,198.37 5 0
github.com/rwilliamspbg-ops/Sovereign-Mohawk-Proto/cmd/orchestrator/main.go:201.41,204.16 3 0
github.com/rwilliamspbg-ops/Sovereign-Mohawk-Proto/cmd/orchestrator/main.go:204.16,206.3 1 0
github.com/rwilliamspbg-ops/Sovereign-Mohawk-Proto/cmd/orchestrator/main.go:207.2,208.43 2 0
github.com/rwilliamspbg-ops/Sovereign-Mohawk-Proto/cmd/orchestrator/main.go:211.41,215.2 3 0
github.com/rwilliamspbg-ops/Sovereign-Mohawk-Proto/cmd/orchestrator/main.go:217.50,218.17 1 0
github.com/rwilliamspbg-ops/Sovereign-Mohawk-Proto/cmd/orchestrator/main.go:218.17,220.3 1 0
github.com/rwilliamspbg-ops/Sovereign-Mohawk-Proto/cmd/orchestrator/main.go:221.2,222.31 2 0
github.com/rwilliamspbg-ops/Sovereign-Mohawk-Proto/cmd/orchestrator/main.go:222.31,224.3 1 0
github.com/rwilliamspbg-ops/Sovereign-Mohawk-Proto/cmd/orchestrator/main.go:225.2,225.15 1 0
github.com/rwilliamspbg-ops/Sovereign-Mohawk-Proto/cmd/orchestrator/main.go:228.45,229.17 1 0
github.com/rwilliamspbg-ops/Sovereign-Mohawk-Proto/cmd/orchestrator/main.go:229.17,231.3 1 0
github.com/rwilliamspbg-ops/Sovereign-Mohawk-Proto/cmd/orchestrator/main.go:232.2,234.29 3 0
github.com/rwilliamspbg-ops/Sovereign-Mohawk-Proto/cmd/orchestrator/main.go:234.29,236.20 2 0
github.com/rwilliamspbg-ops/Sovereign-Mohawk-Proto/cmd/orchestrator/main.go:236.20,238.4 1 0
github.com/rwilliamspbg-ops/Sovereign-Mohawk-Proto/cmd/orchestrator/main.go:240.2,240.14 1 0
github.com/rwilliamspbg-ops/Sovereign-Mohawk-Proto/cmd/orchestrator/main.go:243.63,244.64 1 0
github.com/rwilliamspbg-ops/Sovereign-Mohawk-Proto/cmd/orchestrator/main.go:244.64,246.3 1 0
github.com/rwilliamspbg-ops/Sovereign-Mohawk-Proto/cmd/orchestrator/main.go:247.2,248.22 2 0
github.com/rwilliamspbg-ops/Sovereign-Mohawk-Proto/cmd/orchestrator/main.go:248.22,250.3 1 0
github.com/rwilliamspbg-ops/Sovereign-Mohawk-Proto/cmd/orchestrator/main.go:251.2,252.16 2 0
github.com/rwilliamspbg-ops/Sovereign-Mohawk-Proto/cmd/orchestrator/main.go:252.16,255.3 2 0
github.com/rwilliamspbg-ops/Sovereign-Mohawk-Proto/cmd/orchestrator/main.go:256.2,256.43 1 0
github.com/rwilliamspbg-ops/Sovereign-Mohawk-Proto/cmd/orchestrator/main.go:259.49,264.21 5 0
github.com/rwilliamspbg-ops/Sovereign-Mohawk-Proto/cmd/orchestrator/main.go:264.21,266.3 1 0
github.com/rwilliamspbg-ops/Sovereign-Mohawk-Proto/cmd/orchestrator/main.go:267.2,268.16 2 0
github.com/rwilliamspbg-ops/Sovereign-Mohawk-Proto/cmd/orchestrator/main.go:268.16,270.3 1 0
github.com/rwilliamspbg-ops/Sovereign-Mohawk-Proto/cmd/orchestrator/main.go:271.2,271.93 1 0
github.com/rwilliamspbg-ops/Sovereign-Mohawk-Proto/cmd/orchestrator/main.go:271.93,278.3 6 0
github.com/rwilliamspbg-ops/Sovereign-Mohawk-Proto/cmd/orchestrator/main.go:279.2,279.20 1 0
github.com/rwilliamspbg-ops/Sovereign-Mohawk-Proto/cmd/orchestrator/main.go:282.32,292.116 8 0
github.com/rwilliamspbg-ops/Sovereign-Mohawk-Proto/cmd/orchestrator/main.go:292.116,294.3 1 0
github.com/rwilliamspbg-ops/Sovereign-Mohawk-Proto/cmd/orchestrator/main.go:295.2,295.112 1 0
github.com/rwilliamspbg-ops/Sovereign-Mohawk-Proto/cmd/orchestrator/main.go:295.112,297.3 1 0
github.com/rwilliamspbg-ops/Sovereign-Mohawk-Proto/cmd/orchestrator/main.go:300.57,314.16 4 0
github.com/rwilliamspbg-ops/Sovereign-Mohawk-Proto/cmd/orchestrator/main.go:314.16,316.3 1 0
github.com/rwilliamspbg-ops/Sovereign-Mohawk-Proto/cmd/orchestrator/main.go:317.2,318.50 2 0
github.com/rwilliamspbg-ops/Sovereign-Mohawk-Proto/cmd/orchestrator/main.go:318.50,320.3 1 0
github.com/rwilliamspbg-ops/Sovereign-Mohawk-Proto/cmd/orchestrator/main.go:321.2,321.25 1 0
github.com/rwilliamspbg-ops/Sovereign-Mohawk-Proto/cmd/orchestrator/main.go:321.25,323.3 1 0
github.com/rwilliamspbg-ops/Sovereign-Mohawk-Proto/cmd/orchestrator/main.go:323.8,325.3 1 0
github.com/rwilliamspbg-ops/Sovereign-Mohawk-Proto/cmd/orchestrator/main.go:326.2,326.34 1 0
github.com/rwilliamspbg-ops/Sovereign-Mohawk-Proto/cmd/orchestrator/main.go:326.34,328.3 1 0
github.com/rwilliamspbg-ops/Sovereign-Mohawk-Proto/cmd/orchestrator/main.go:328.8,330.3 1 0
github.com/rwilliamspbg-ops/Sovereign-Mohawk-Proto/cmd/orchestrator/main.go:331.2,334.119 4 0
github.com/rwilliamspbg-ops/Sovereign-Mohawk-Proto/cmd/orchestrator/server.go:50.80,53.15 3 0
github.com/rwilliamspbg-ops/Sovereign-Mohawk-Proto/cmd/orchestrator/server.go:53.15,55.3 1 0
github.com/rwilliamspbg-ops/Sovereign-Mohawk-Proto/cmd/orchestrator/server.go:56.2,56.29 1 0
github.com/rwilliamspbg-ops/Sovereign-Mohawk-Proto/cmd/orchestrator/server.go:56.29,58.3 1 0
github.com/rwilliamspbg-ops/Sovereign-Mohawk-Proto/cmd/orchestrator/server.go:59.2,59.28 1 0
github.com/rwilliamspbg-ops/Sovereign-Mohawk-Proto/cmd/orchestrator/server.go:59.28,62.3 2 0
github.com/rwilliamspbg-ops/Sovereign-Mohawk-Proto/cmd/orchestrator/server.go:63.2,72.61 3 0
github.com/rwilliamspbg-ops/Sovereign-Mohawk-Proto/cmd/orchestrator/server.go:72.61,75.3 2 0
github.com/rwilliamspbg-ops/Sovereign-Mohawk-Proto/cmd/orchestrator/server.go:76.2,77.16 2 0
github.com/rwilliamspbg-ops/Sovereign-Mohawk-Proto/cmd/orchestrator/server.go:77.16,80.3 2 0
github.com/rwilliamspbg-ops/Sovereign-Mohawk-Proto/cmd/orchestrator/server.go:81.2,90.16 2 0
github.com/rwilliamspbg-ops/Sovereign-Mohawk-Proto/cmd/orchestrator/server.go:90.16,93.3 2 0
github.com/rwilliamspbg-ops/Sovereign-Mohawk-Proto/cmd/orchestrator/server.go:94.2,100.16 3 0
github.com/rwilliamspbg-ops/Sovereign-Mohawk-Proto/cmd/orchestrator/server.go:105.72,106.23 1 0
github.com/rwilliamspbg-ops/Sovereign-Mohawk-Proto/cmd/orchestrator/server.go:106.23,109.3 2 0
github.com/rwilliamspbg-ops/Sovereign-Mohawk-Proto/cmd/orchestrator/server.go:110.2,111.39 2 0
github.com/rwilliamspbg-ops/Sovereign-Mohawk-Proto/cmd/orchestrator/server.go:111.39,113.3 1 0
github.com/rwilliamspbg-ops/Sovereign-Mohawk-Proto/cmd/orchestrator/server.go:114.2,120.4 2 0
github.com/rwilliamspbg-ops/Sovereign-Mohawk-Proto/cmd/orchestrator/server.go:131.71,138.61 3 1
github.com/rwilliamspbg-ops/Sovereign-Mohawk-Proto/cmd/orchestrator/server.go:138.61,141.3 2 1
github.com/rwilliamspbg-ops/Sovereign-Mohawk-Proto/cmd/orchestrator/server.go:143.2,150.35 3 0
github.com/rwilliamspbg-ops/Sovereign-Mohawk-Proto/cmd/orchestrator/server.go:150.35,153.3 2 0
github.com/rwilliamspbg-ops/Sovereign-Mohawk-Proto/cmd/orchestrator/server.go:155.2,155.30 1 0
github.com/rwilliamspbg-ops/Sovereign-Mohawk-Proto/cmd/orchestrator/server.go:158.78,159.54 1 0
github.com/rwilliamspbg-ops/Sovereign-Mohawk-Proto/cmd/orchestrator/server.go:159.54,162.3 2 0
github.com/rwilliamspbg-ops/Sovereign-Mohawk-Proto/cmd/orchestrator/server.go:164.2,169.61 3 0
github.com/rwilliamspbg-ops/Sovereign-Mohawk-Proto/cmd/orchestrator/server.go:169.61,172.3 2 0
github.com/rwilliamspbg-ops/Sovereign-Mohawk-Proto/cmd/orchestrator/server.go:174.2,177.16 4 0
github.com/rwilliamspbg-ops/Sovereign-Mohawk-Proto/cmd/orchestrator/server.go:177.16,180.3 2 0
github.com/rwilliamspbg-ops/Sovereign-Mohawk-Proto/cmd/orchestrator/server.go:181.2,181.62 1 0
github.com/rwilliamspbg-ops/Sovereign-Mohawk-Proto/cmd/orchestrator/server.go:184.78,185.54 1 0
github.com/rwilliamspbg-ops/Sovereign-Mohawk-Proto/cmd/orchestrator/server.go:185.54,188.3 2 0
github.com/rwilliamspbg-ops/Sovereign-Mohawk-Proto/cmd/orchestrator/server.go:190.2,191.15 2 0
github.com/rwilliamspbg-ops/Sovereign-Mohawk-Proto/cmd/orchestrator/server.go:191.15,194.3 2 0
github.com/rwilliamspbg-ops/Sovereign-Mohawk-Proto/cmd/orchestrator/server.go:196.2,199.16 4 0
github.com/rwilliamspbg-ops/Sovereign-Mohawk-Proto/cmd/orchestrator/server.go:199.16,202.3 2 0
github.com/rwilliamspbg-ops/Sovereign-Mohawk-Proto/cmd/orchestrator/server.go:203.2,203.78 1 0
github.com/rwilliamspbg-ops/Sovereign-Mohawk-Proto/cmd/orchestrator/server.go:206.73,208.16 2 0
github.com/rwilliamspbg-ops/Sovereign-Mohawk-Proto/cmd/orchestrator/server.go:208.16,211.3 2 0
github.com/rwilliamspbg-ops/Sovereign-Mohawk-Proto/cmd/orchestrator/server.go:212.2,213.16 2 0
github.com/rwilliamspbg-ops/Sovereign-Mohawk-Proto/cmd/orchestrator/server.go:213.16,216.3 2 0
github.com/rwilliamspbg-ops/Sovereign-Mohawk-Proto/cmd/orchestrator/server.go:217.2,218.16 2 0
github.com/rwilliamspbg-ops/Sovereign-Mohawk-Proto/cmd/orchestrator/server.go:218.16,221.3 2 0
github.com/rwilliamspbg-ops/Sovereign-Mohawk-Proto/cmd/orchestrator/server.go:222.2,222.37 1 0
github.com/rwilliamspbg-ops/Sovereign-Mohawk-Proto/cmd/orchestrator/server.go:226.80,229.15 3 0
github.com/rwilliamspbg-ops/Sovereign-Mohawk-Proto/cmd/orchestrator/server.go:229.15,231.3 1 0
github.com/rwilliamspbg-ops/Sovereign-Mohawk-Proto/cmd/orchestrator/server.go:232.2,232.28 1 0
github.com/rwilliamspbg-ops/Sovereign-Mohawk-Proto/cmd/orchestrator/server.go:232.28,235.3 2 0
github.com/rwilliamspbg-ops/Sovereign-Mohawk-Proto/cmd/orchestrator/server.go:236.2,239.16 4 0
github.com/rwilliamspbg-ops/Sovereign-Mohawk-Proto/cmd/orchestrator/server.go:243.80,246.15 3 0
github.com/rwilliamspbg-ops/Sovereign-Mohawk-Proto/cmd/orchestrator/server.go:246.15,248.3 1 0
github.com/rwilliamspbg-ops/Sovereign-Mohawk-Proto/cmd/orchestrator/server.go:249.2,249.29 1 0
github.com/rwilliamspbg-ops/Sovereign-Mohawk-Proto/cmd/orchestrator/server.go:249.29,251.3 1 0
github.com/rwilliamspbg-ops/Sovereign-Mohawk-Proto/cmd/orchestrator/server.go:252.2,252.28 1 0
github.com/rwilliamspbg-ops/Sovereign-Mohawk-Proto/cmd/orchestrator/server.go:252.28,255.3 2 0
github.com/rwilliamspbg-ops/Sovereign-Mohawk-Proto/cmd/orchestrator/server.go:256.2,264.61 3 0
github.com/rwilliamspbg-ops/Sovereign-Mohawk-Proto/cmd/orchestrator/server.go:264.61,267.3 2 0
github.com/rwilliamspbg-ops/Sovereign-Mohawk-Proto/cmd/orchestrator/server.go:268.2,269.47 2 0
github.com/rwilliamspbg-ops/Sovereign-Mohawk-Proto/cmd/orchestrator/server.go:269.47,271.17 2 0
github.com/rwilliamspbg-ops/Sovereign-Mohawk-Proto/cmd/orchestrator/server.go:271.17,274.4 2 0
github.com/rwilliamspbg-ops/Sovereign-Mohawk-Proto/cmd/orchestrator/server.go:275.3,275.15 1 0
github.com/rwilliamspbg-ops/Sovereign-Mohawk-Proto/cmd/orchestrator/server.go:277.2,278.49 2 0
github.com/rwilliamspbg-ops/Sovereign-Mohawk-Proto/cmd/orchestrator/server.go:278.49,280.17 2 0
github.com/rwilliamspbg-ops/Sovereign-Mohawk-Proto/cmd/orchestrator/server.go:280.17,283.4 2 0
github.com/rwilliamspbg-ops/Sovereign-Mohawk-Proto/cmd/orchestrator/server.go:284.3,284.17 1 0
github.com/rwilliamspbg-ops/Sovereign-Mohawk-Proto/cmd/orchestrator/server.go:286.2,291.21 6 0
github.com/rwilliamspbg-ops/Sovereign-Mohawk-Proto/cmd/orchestrator/server.go:291.21,293.3 1 0
github.com/rwilliamspbg-ops/Sovereign-Mohawk-Proto/cmd/orchestrator/server.go:294.2,294.19 1 0
github.com/rwilliamspbg-ops/Sovereign-Mohawk-Proto/cmd/orchestrator/server.go:294.19,296.3 1 0
github.com/rwilliamspbg-ops/Sovereign-Mohawk-Proto/cmd/orchestrator/server.go:297.2,299.16 3 0
github.com/rwilliamspbg-ops/Sovereign-Mohawk-Proto/cmd/orchestrator/server.go:303.82,307.15 4 0
github.com/rwilliamspbg-ops/Sovereign-Mohawk-Proto/cmd/orchestrator/server.go:307.15,310.3 2 0
github.com/rwilliamspbg-ops/Sovereign-Mohawk-Proto/cmd/orchestrator/server.go:311.2,311.29 1 0
github.com/rwilliamspbg-ops/Sovereign-Mohawk-Proto/cmd/orchestrator/server.go:311.29,313.3 1 0
github.com/rwilliamspbg-ops/Sovereign-Mohawk-Proto/cmd/orchestrator/server.go:314.2,314.28 1 0
github.com/rwilliamspbg-ops/Sovereign-Mohawk-Proto/cmd/orchestrator/server.go:314.28,317.3 2 0
github.com/rwilliamspbg-ops/Sovereign-Mohawk-Proto/cmd/orchestrator/server.go:318.2,335.61 3 0
github.com/rwilliamspbg-ops/Sovereign-Mohawk-Proto/cmd/orchestrator/server.go:335.61,338.3 2 0
github.com/rwilliamspbg-ops/Sovereign-Mohawk-Proto/cmd/orchestrator/server.go:339.2,349.26 4 0
github.com/rwilliamspbg-ops/Sovereign-Mohawk-Proto/cmd/orchestrator/server.go:349.26,360.3 2 0
github.com/rwilliamspbg-ops/Sovereign-Mohawk-Proto/cmd/orchestrator/server.go:360.8,371.3 1 0
github.com/rwilliamspbg-ops/Sovereign-Mohawk-Proto/cmd/orchestrator/server.go:372.2,372.16 1 0
github.com/rwilliamspbg-ops/Sovereign-Mohawk-Proto/cmd/orchestrator/server.go:372.16,375.3 2 0
github.com/rwilliamspbg-ops/Sovereign-Mohawk-Proto/cmd/orchestrator/server.go:376.2,378.16 3 0
github.com/rwilliamspbg-ops/Sovereign-Mohawk-Proto/cmd/orchestrator/server.go:381.78,383.20 2 2
github.com/rwilliamspbg-ops/Sovereign-Mohawk-Proto/cmd/orchestrator/server.go:383.20,384.91 1 2
github.com/rwilliamspbg-ops/Sovereign-Mohawk-Proto/cmd/orchestrator/server.go:384.91,386.4 1 1
github.com/rwilliamspbg-ops/Sovereign-Mohawk-Proto/cmd/orchestrator/server.go:387.3,389.15 3 1
github.com/rwilliamspbg-ops/Sovereign-Mohawk-Proto/cmd/orchestrator/server.go:391.2,392.62 2 0
github.com/rwilliamspbg-ops/Sovereign-Mohawk-Proto/cmd/orchestrator/server.go:392.62,396.3 3 0
github.com/rwilliamspbg-ops/Sovereign-Mohawk-Proto/cmd/orchestrator/server.go:397.2,398.73 2 0
github.com/rwilliamspbg-ops/Sovereign-Mohawk-Proto/cmd/orchestrator/server.go:398.73,402.3 3 0
github.com/rwilliamspbg-ops/Sovereign-Mohawk-Proto/cmd/orchestrator/server.go:403.2,403.13 1 0
github.com/rwilliamspbg-ops/Sovereign-Mohawk-Proto/cmd/orchestrator/server.go:406.58,407.17 1 0
github.com/rwilliamspbg-ops/Sovereign-Mohawk-Proto/cmd/orchestrator/server.go:407.17,409.3 1 0
github.com/rwilliamspbg-ops/Sovereign-Mohawk-Proto/cmd/orchestrator/server.go:410.2,410.14 1 0
github.com/rwilliamspbg-ops/Sovereign-Mohawk-Proto/cmd/orchestrator/workers.go:25.41,27.29 2 0
github.com/rwilliamspbg-ops/Sovereign-Mohawk-Proto/cmd/orchestrator/workers.go:27.29,28.13 1 0
github.com/rwilliamspbg-ops/Sovereign-Mohawk-Proto/cmd/orchestrator/workers.go:28.13,31.30 1 0
github.com/rwilliamspbg-ops/Sovereign-Mohawk-Proto/cmd/orchestrator/workers.go:31.30,35.5 2 0
github.com/rwilliamspbg-ops/Sovereign-Mohawk-Proto/cmd/simulate/main.go:10.13,30.44 7 0
github.com/rwilliamspbg-ops/Sovereign-Mohawk-Proto/cmd/simulate/main.go:30.44,33.3 2 0
github.com/rwilliamspbg-ops/Sovereign-Mohawk-Proto/cmd/simulate/main.go:34.2,38.16 4 0
github.com/rwilliamspbg-ops/Sovereign-Mohawk-Proto/cmd/simulate/main.go:38.16,41.3 2 0
github.com/rwilliamspbg-ops/Sovereign-Mohawk-Proto/cmd/simulate/main.go:42.2,62.71 14 0
github.com/rwilliamspbg-ops/Sovereign-Mohawk-Proto/cmd/testnet-gui/main.go:608.55,612.2 3 0
github.com/rwilliamspbg-ops/Sovereign-Mohawk-Proto/cmd/testnet-gui/main.go:614.52,621.29 7 0
github.com/rwilliamspbg-ops/Sovereign-Mohawk-Proto/cmd/testnet-gui/main.go:621.29,623.17 2 0
github.com/rwilliamspbg-ops/Sovereign-Mohawk-Proto/cmd/testnet-gui/main.go:623.17,625.4 1 0
github.com/rwilliamspbg-ops/Sovereign-Mohawk-Proto/cmd/testnet-gui/main.go:627.2,627.26 1 0
github.com/rwilliamspbg-ops/Sovereign-Mohawk-Proto/cmd/testnet-gui/main.go:627.26,629.3 1 0
github.com/rwilliamspbg-ops/Sovereign-Mohawk-Proto/cmd/testnet-gui/main.go:630.2,630.16 1 0
github.com/rwilliamspbg-ops/Sovereign-Mohawk-Proto/cmd/testnet-gui/main.go:633.51,643.27 4 0
github.com/rwilliamspbg-ops/Sovereign-Mohawk-Proto/cmd/testnet-gui/main.go:643.27,645.3 1 0
github.com/rwilliamspbg-ops/Sovereign-Mohawk-Proto/cmd/testnet-gui/main.go:646.2,646.28 1 0
github.com/rwilliamspbg-ops/Sovereign-Mohawk-Proto/cmd/testnet-gui/main.go:646.28,648.3 1 0
github.com/rwilliamspbg-ops/Sovereign-Mohawk-Proto/cmd/testnet-gui/main.go:649.2,649.17 1 0
github.com/rwilliamspbg-ops/Sovereign-Mohawk-Proto/cmd/testnet-gui/main.go:652.79,654.15 2 0
github.com/rwilliamspbg-ops/Sovereign-Mohawk-Proto/cmd/testnet-gui/main.go:654.15,657.3 2 0
github.com/rwilliamspbg-ops/Sovereign-Mohawk-Proto/cmd/testnet-gui/main.go:658.2,672.36 13 0
github.com/rwilliamspbg-ops/Sovereign-Mohawk-Proto/cmd/testnet-gui/main.go:672.36,675.3 2 0
github.com/rwilliamspbg-ops/Sovereign-Mohawk-Proto/cmd/testnet-gui/main.go:677.2,677.12 1 0
github.com/rwilliamspbg-ops/Sovereign-Mohawk-Proto/cmd/testnet-gui/main.go:677.12,679.17 2 0
github.com/rwilliamspbg-ops/Sovereign-Mohawk-Proto/cmd/testnet-gui/main.go:679.17,682.4 2 0
github.com/rwilliamspbg-ops/Sovereign-Mohawk-Proto/cmd/testnet-gui/main.go:683.3,683.32 1 0
github.com/rwilliamspbg-ops/Sovereign-Mohawk-Proto/cmd/testnet-gui/main.go:686.2,686.12 1 0
github.com/rwilliamspbg-ops/Sovereign-Mohawk-Proto/cmd/testnet-gui/main.go:689.66,696.16 7 0
github.com/rwilliamspbg-ops/Sovereign-Mohawk-Proto/cmd/testnet-gui/main.go:696.16,698.3 1 0
github.com/rwilliamspbg-ops/Sovereign-Mohawk-Proto/cmd/testnet-gui/main.go:698.8,700.3 1 0
github.com/rwilliamspbg-ops/Sovereign-Mohawk-Proto/cmd/testnet-gui/main.go:703.13,705.16 2 0
github.com/rwilliamspbg-ops/Sovereign-Mohawk-Proto/cmd/testnet-gui/main.go:705.16,707.3 1 0
github.com/rwilliamspbg-ops/Sovereign-Mohawk-Proto/cmd/testnet-gui/main.go:709.2,710.16 2 0
github.com/rwilliamspbg-ops/Sovereign-Mohawk-Proto/cmd/testnet-gui/main.go:710.16,712.3 1 0
github.com/rwilliamspbg-ops/Sovereign-Mohawk-Proto/cmd/testnet-gui/main.go:714.2,734.16 11 0
github.com/rwilliamspbg-ops/Sovereign-Mohawk-Proto/cmd/testnet-gui/main.go:734.16,736.3 1 0
github.com/rwilliamspbg-ops/Sovereign-Mohawk-Proto/cmd/testnet-gui/main.go:738.2,741.12 3 0
github.com/rwilliamspbg-ops/Sovereign-Mohawk-Proto/cmd/testnet-gui/main.go:741.12,742.56 1 0
github.com/rwilliamspbg-ops/Sovereign-Mohawk-Proto/cmd/testnet-gui/main.go:742.56,744.4 1 0
github.com/rwilliamspbg-ops/Sovereign-Mohawk-Proto/cmd/testnet-gui/main.go:745.3,745.42 1 0
github.com/rwilliamspbg-ops/Sovereign-Mohawk-Proto/cmd/testnet-gui/main.go:745.42,747.4 1 0
github.com/rwilliamspbg-ops/Sovereign-Mohawk-Proto/cmd/testnet-gui/main.go:750.2,750.35 1 0
github.com/rwilliamspbg-ops/Sovereign-Mohawk-Proto/cmd/testnet-gui/main.go:753.72,754.23 1 0
github.com/rwilliamspbg-ops/Sovereign-Mohawk-Proto/cmd/testnet-gui/main.go:754.23,757.3 2 0
github.com/rwilliamspbg-ops/Sovereign-Mohawk-Proto/cmd/testnet-gui/main.go:758.2,759.39 2 0
github.com/rwilliamspbg-ops/Sovereign-Mohawk-Proto/cmd/testnet-gui/main.go:762.73,766.2 3 0
github.com/rwilliamspbg-ops/Sovereign-Mohawk-Proto/cmd/testnet-gui/main.go:768.81,769.33 1 0
github.com/rwilliamspbg-ops/Sovereign-Mohawk-Proto/cmd/testnet-gui/main.go:769.33,772.3 2 0
github.com/rwilliamspbg-ops/Sovereign-Mohawk-Proto/cmd/testnet-gui/main.go:773.2,773.43 1 0
github.com/rwilliamspbg-ops/Sovereign-Mohawk-Proto/cmd/testnet-gui/main.go:773.43,776.3 2 0
github.com/rwilliamspbg-ops/Sovereign-Mohawk-Proto/cmd/testnet-gui/main.go:777.2,777.16 1 0
github.com/rwilliamspbg-ops/Sovereign-Mohawk-Proto/cmd/testnet-gui/main.go:780.79,781.33 1 0
github.com/rwilliamspbg-ops/Sovereign-Mohawk-Proto/cmd/testnet-gui/main.go:781.33,784.3 2 0
github.com/rwilliamspbg-ops/Sovereign-Mohawk-Proto/cmd/testnet-gui/main.go:785.2,785.41 1 0
github.com/rwilliamspbg-ops/Sovereign-Mohawk-Proto/cmd/testnet-gui/main.go:785.41,788.3 2 0
github.com/rwilliamspbg-ops/Sovereign-Mohawk-Proto/cmd/testnet-gui/main.go:789.2,789.16 1 0
github.com/rwilliamspbg-ops/Sovereign-Mohawk-Proto/cmd/testnet-gui/main.go:792.71,793.33 1 0
github.com/rwilliamspbg-ops/Sovereign-Mohawk-Proto/cmd/testnet-gui/main.go:793.33,796.3 2 0
github.com/rwilliamspbg-ops/Sovereign-Mohawk-Proto/cmd/testnet-gui/main.go:797.2,797.38 1 0
github.com/rwilliamspbg-ops/Sovereign-Mohawk-Proto/cmd/testnet-gui/main.go:797.38,800.3 2 0
github.com/rwilliamspbg-ops/Sovereign-Mohawk-Proto/cmd/testnet-gui/main.go:801.2,801.16 1 0
github.com/rwilliamspbg-ops/Sovereign-Mohawk-Proto/cmd/testnet-gui/main.go:804.71,807.9 3 0
github.com/rwilliamspbg-ops/Sovereign-Mohawk-Proto/cmd/testnet-gui/main.go:807.9,810.3 2 0
github.com/rwilliamspbg-ops/Sovereign-Mohawk-Proto/cmd/testnet-gui/main.go:811.2,811.44 1 0
github.com/rwilliamspbg-ops/Sovereign-Mohawk-Proto/cmd/testnet-gui/main.go:814.52,835.2 4 0
github.com/rwilliamspbg-ops/Sovereign-Mohawk-Proto/cmd/testnet-gui/main.go:837.66,854.28 4 0
github.com/rwilliamspbg-ops/Sovereign-Mohawk-Proto/cmd/testnet-gui/main.go:854.28,855.44 1 0
github.com/rwilliamspbg-ops/Sovereign-Mohawk-Proto/cmd/testnet-gui/main.go:855.44,857.4 1 0
github.com/rwilliamspbg-ops/Sovereign-Mohawk-Proto/cmd/testnet-gui/main.go:858.3,858.100 1 0
github.com/rwilliamspbg-ops/Sovereign-Mohawk-Proto/cmd/testnet-gui/main.go:858.100,860.4 1 0
github.com/rwilliamspbg-ops/Sovereign-Mohawk-Proto/cmd/testnet-gui/main.go:863.2,863.46 1 0
github.com/rwilliamspbg-ops/Sovereign-Mohawk-Proto/cmd/testnet-gui/main.go:866.43,867.33 1 0
github.com/rwilliamspbg-ops/Sovereign-Mohawk-Proto/cmd/testnet-gui/main.go:867.33,869.3 1 0
github.com/rwilliamspbg-ops/Sovereign-Mohawk-Proto/cmd/testnet-gui/main.go:870.2,871.16 2 0
github.com/rwilliamspbg-ops/Sovereign-Mohawk-Proto/cmd/testnet-gui/main.go:871.16,873.3 1 0
github.com/rwilliamspbg-ops/Sovereign-Mohawk-Proto/cmd/testnet-gui/main.go:874.2,874.65 1 0
github.com/rwilliamspbg-ops/Sovereign-Mohawk-Proto/cmd/testnet-gui/main.go:877.41,878.33 1 0
github.com/rwilliamspbg-ops/Sovereign-Mohawk-Proto/cmd/testnet-gui/main.go:878.33,880.3 1 0
github.com/rwilliamspbg-ops/Sovereign-Mohawk-Proto/cmd/testnet-gui/main.go:881.2,882.16 2 0
github.com/rwilliamspbg-ops/Sovereign-Mohawk-Proto/cmd/testnet-gui/main.go:882.16,884.3 1 0
github.com/rwilliamspbg-ops/Sovereign-Mohawk-Proto/cmd/testnet-gui/main.go:885.2,885.62 1 0
github.com/rwilliamspbg-ops/Sovereign-Mohawk-Proto/cmd/testnet-gui/main.go:888.38,889.33 1 0
github.com/rwilliamspbg-ops/Sovereign-Mohawk-Proto/cmd/testnet-gui/main.go:889.33,891.3 1 0
github.com/rwilliamspbg-ops/Sovereign-Mohawk-Proto/cmd/testnet-gui/main.go:892.2,893.16 2 0
github.com/rwilliamspbg-ops/Sovereign-Mohawk-Proto/cmd/testnet-gui/main.go:893.16,895.3 1 0
github.com/rwilliamspbg-ops/Sovereign-Mohawk-Proto/cmd/testnet-gui/main.go:896.2,896.65 1 0
github.com/rwilliamspbg-ops/Sovereign-Mohawk-Proto/cmd/testnet-gui/main.go:899.40,900.76 1 0
github.com/rwilliamspbg-ops/Sovereign-Mohawk-Proto/cmd/testnet-gui/main.go:900.76,902.3 1 0
github.com/rwilliamspbg-ops/Sovereign-Mohawk-Proto/cmd/testnet-gui/main.go:903.2,903.66 1 0
github.com/rwilliamspbg-ops/Sovereign-Mohawk-Proto/cmd/testnet-gui/main.go:903.66,905.3 1 0
github.com/rwilliamspbg-ops/Sovereign-Mohawk-Proto/cmd/testnet-gui/main.go:906.2,906.66 1 0
github.com/rwilliamspbg-ops/Sovereign-Mohawk-Proto/cmd/testnet-gui/main.go:906.66,908.3 1 0
github.com/rwilliamspbg-ops/Sovereign-Mohawk-Proto/cmd/testnet-gui/main.go:909.2,909.22 1 0
github.com/rwilliamspbg-ops/Sovereign-Mohawk-Proto/cmd/testnet-gui/main.go:912.66,913.76 1 0
github.com/rwilliamspbg-ops/Sovereign-Mohawk-Proto/cmd/testnet-gui/main.go:913.76,915.3 1 0
github.com/rwilliamspbg-ops/Sovereign-Mohawk-Proto/cmd/testnet-gui/main.go:916.2,916.66 1 0
github.com/rwilliamspbg-ops/Sovereign-Mohawk-Proto/cmd/testnet-gui/main.go:916.66,918.3 1 0
github.com/rwilliamspbg-ops/Sovereign-Mohawk-Proto/cmd/testnet-gui/main.go:919.2,919.66 1 0
github.com/rwilliamspbg-ops/Sovereign-Mohawk-Proto/cmd/testnet-gui/main.go:919.66,921.3 1 0
github.com/rwilliamspbg-ops/Sovereign-Mohawk-Proto/cmd/testnet-gui/main.go:922.2,922.84 1 0
github.com/rwilliamspbg-ops/Sovereign-Mohawk-Proto/cmd/testnet-gui/main.go:925.64,926.66 1 0
github.com/rwilliamspbg-ops/Sovereign-Mohawk-Proto/cmd/testnet-gui/main.go:926.66,928.3 1 0
github.com/rwilliamspbg-ops/Sovereign-Mohawk-Proto/cmd/testnet-gui/main.go:929.2,929.83 1 0
github.com/rwilliamspbg-ops/Sovereign-Mohawk-Proto/cmd/testnet-gui/main.go:932.61,933.76 1 0
github.com/rwilliamspbg-ops/Sovereign-Mohawk-Proto/cmd/testnet-gui/main.go:933.76,935.3 1 0
github.com/rwilliamspbg-ops/Sovereign-Mohawk-Proto/cmd/testnet-gui/main.go:936.2,936.66 1 0
github.com/rwilliamspbg-ops/Sovereign-Mohawk-Proto/cmd/testnet-gui/main.go:936.66,938.3 1 0
github.com/rwilliamspbg-ops/Sovereign-Mohawk-Proto/cmd/testnet-gui/main.go:939.2,939.66 1 0
github.com/rwilliamspbg-ops/Sovereign-Mohawk-Proto/cmd/testnet-gui/main.go:939.66,941.3 1 0
github.com/rwilliamspbg-ops/Sovereign-Mohawk-Proto/cmd/testnet-gui/main.go:942.2,942.84 1 0
github.com/rwilliamspbg-ops/Sovereign-Mohawk-Proto/cmd/testnet-gui/main.go:945.35,946.51 1 0
github.com/rwilliamspbg-ops/Sovereign-Mohawk-Proto/cmd/testnet-gui/main.go:946.51,948.3 1 0
github.com/rwilliamspbg-ops/Sovereign-Mohawk-Proto/cmd/testnet-gui/main.go:949.2,950.34 2 0
github.com/rwilliamspbg-ops/Sovereign-Mohawk-Proto/cmd/testnet-gui/main.go:950.34,952.3 1 0
github.com/rwilliamspbg-ops/Sovereign-Mohawk-Proto/cmd/testnet-gui/main.go:953.2,953.43 1 0
github.com/rwilliamspbg-ops/Sovereign-Mohawk-Proto/cmd/testnet-gui/main.go:956.51,957.51 1 0
github.com/rwilliamspbg-ops/Sovereign-Mohawk-Proto/cmd/testnet-gui/main.go:957.51,959.3 1 0
github.com/rwilliamspbg-ops/Sovereign-Mohawk-Proto/cmd/testnet-gui/main.go:960.2,962.16 3 0
github.com/rwilliamspbg-ops/Sovereign-Mohawk-Proto/cmd/testnet-gui/main.go:962.16,964.3 1 0
github.com/rwilliamspbg-ops/Sovereign-Mohawk-Proto/cmd/testnet-gui/main.go:965.2,966.17 2 0
github.com/rwilliamspbg-ops/Sovereign-Mohawk-Proto/cmd/testnet-gui/main.go:966.17,968.3 1 0
github.com/rwilliamspbg-ops/Sovereign-Mohawk-Proto/cmd/testnet-gui/main.go:969.2,969.87 1 0
github.com/rwilliamspbg-ops/Sovereign-Mohawk-Proto/cmd/testnet-gui/main.go:969.87,972.3 2 0
github.com/rwilliamspbg-ops/Sovereign-Mohawk-Proto/cmd/testnet-gui/main.go:973.2,973.41 1 0
github.com/rwilliamspbg-ops/Sovereign-Mohawk-Proto/cmd/testnet-gui/main.go:973.41,975.3 1 0
github.com/rwilliamspbg-ops/Sovereign-Mohawk-Proto/cmd/testnet-gui/main.go:976.2,976.39 1 0
github.com/rwilliamspbg-ops/Sovereign-Mohawk-Proto/cmd/testnet-gui/main.go:976.39,978.3 1 0
github.com/rwilliamspbg-ops/Sovereign-Mohawk-Proto/cmd/testnet-gui/main.go:979.2,979.14 1 0
github.com/rwilliamspbg-ops/Sovereign-Mohawk-Proto/cmd/testnet-gui/main.go:982.45,985.16 3 0
github.com/rwilliamspbg-ops/Sovereign-Mohawk-Proto/cmd/testnet-gui/main.go:985.16,987.3 1 0
github.com/rwilliamspbg-ops/Sovereign-Mohawk-Proto/cmd/testnet-gui/main.go:988.2,989.53 2 0
github.com/rwilliamspbg-ops/Sovereign-Mohawk-Proto/cmd/testnet-gui/main.go:989.53,991.3 1 0
github.com/rwilliamspbg-ops/Sovereign-Mohawk-Proto/cmd/testnet-gui/main.go:992.2,993.48 2 0
github.com/rwilliamspbg-ops/Sovereign-Mohawk-Proto/cmd/testnet-gui/main.go:996.87,997.15 1 0
github.com/rwilliamspbg-ops/Sovereign-Mohawk-Proto/cmd/testnet-gui/main.go:997.15,999.3 1 0
github.com/rwilliamspbg-ops/Sovereign-Mohawk-Proto/cmd/testnet-gui/main.go:1000.2,1001.35 2 0
github.com/rwilliamspbg-ops/Sovereign-Mohawk-Proto/cmd/testnet-gui/main.go:1001.35,1002.38 1 0
github.com/rwilliamspbg-ops/Sovereign-Mohawk-Proto/cmd/testnet-gui/main.go:1002.38,1004.4 1 0
github.com/rwilliamspbg-ops/Sovereign-Mohawk-Proto/cmd/testnet-gui/main.go:1006.2,1006.29 1 0
github.com/rwilliamspbg-ops/Sovereign-Mohawk-Proto/cmd/testnet-gui/main.go:1006.29,1008.3 1 0
github.com/rwilliamspbg-ops/Sovereign-Mohawk-Proto/cmd/testnet-gui/main.go:1009.2,1009.17 1 0
github.com/rwilliamspbg-ops/Sovereign-Mohawk-Proto/cmd/testnet-gui/main.go:1009.17,1011.3 1 0
github.com/rwilliamspbg-ops/Sovereign-Mohawk-Proto/cmd/testnet-gui/main.go:1012.2,1012.89 1 0
github.com/rwilliamspbg-ops/Sovereign-Mohawk-Proto/cmd/testnet-gui/main.go:1015.42,1017.2 1 0
github.com/rwilliamspbg-ops/Sovereign-Mohawk-Proto/cmd/testnet-gui/main.go:1019.37,1020.56 1 0
github.com/rwilliamspbg-ops/Sovereign-Mohawk-Proto/cmd/testnet-gui/main.go:1020.56,1022.3 1 0
github.com/rwilliamspbg-ops/Sovereign-Mohawk-Proto/cmd/testnet-gui/main.go:1023.2,1023.40 1 0
github.com/rwilliamspbg-ops/Sovereign-Mohawk-Proto/cmd/testnet-gui/main.go:1023.40,1024.41 1 0
github.com/rwilliamspbg-ops/Sovereign-Mohawk-Proto/cmd/testnet-gui/main.go:1024.41,1026.4 1 0
github.com/rwilliamspbg-ops/Sovereign-Mohawk-Proto/cmd/testnet-gui/main.go:1028.2,1028.63 1 0
github.com/rwilliamspbg-ops/Sovereign-Mohawk-Proto/cmd/testnet-gui/main.go:1031.33,1033.16 2 0
github.com/rwilliamspbg-ops/Sovereign-Mohawk-Proto/cmd/testnet-gui/main.go:1033.16,1035.3 1 0
github.com/rwilliamspbg-ops/Sovereign-Mohawk-Proto/cmd/testnet-gui/main.go:1036.2,1036.26 1 0
github.com/rwilliamspbg-ops/Sovereign-Mohawk-Proto/cmd/testnet-gui/main.go:1039.49,1040.98 1 0
github.com/rwilliamspbg-ops/Sovereign-Mohawk-Proto/cmd/testnet-gui/main.go:1040.98,1041.133 1 0
github.com/rwilliamspbg-ops/Sovereign-Mohawk-Proto/cmd/testnet-gui/main.go:1041.133,1043.4 1 0
github.com/rwilliamspbg-ops/Sovereign-Mohawk-Proto/cmd/testnet-gui/main.go:1044.3,1045.24 2 0
github.com/rwilliamspbg-ops/Sovereign-Mohawk-Proto/cmd/testnet-gui/main.go:1045.24,1046.9 1 0
github.com/rwilliamspbg-ops/Sovereign-Mohawk-Proto/cmd/testnet-gui/main.go:1048.3,1048.19 1 0
github.com/rwilliamspbg-ops/Sovereign-Mohawk-Proto/cmd/testnet-gui/main.go:1050.2,1050.18 1 0
github.com/rwilliamspbg-ops/Sovereign-Mohawk-Proto/cmd/testnet-gui/main.go:1053.35,1056.2 2 0
github.com/rwilliamspbg-ops/Sovereign-Mohawk-Proto/cmd/testnet-gui/main.go:1058.36,1059.22 1 0
github.com/rwilliamspbg-ops/Sovereign-Mohawk-Proto/cmd/testnet-gui/main.go:1060.15,1061.71 1 0
github.com/rwilliamspbg-ops/Sovereign-Mohawk-Proto/cmd/testnet-gui/main.go:1061.71,1063.4 1 0
github.com/rwilliamspbg-ops/Sovereign-Mohawk-Proto/cmd/testnet-gui/main.go:1064.16,1065.67 1 0
github.com/rwilliamspbg-ops/Sovereign-Mohawk-Proto/cmd/testnet-gui/main.go:1065.67,1067.4 1 0
github.com/rwilliamspbg-ops/Sovereign-Mohawk-Proto/cmd/testnet-gui/main.go:1069.2,1069.54 1 0
github.com/rwilliamspbg-ops/Sovereign-Mohawk-Proto/cmd/testnet-gui/main.go:1072.41,1075.2 2 0
github.com/rwilliamspbg-ops/Sovereign-Mohawk-Proto/cmd/testnet-gui/main.go:1077.67,1081.2 3 0
github.com/rwilliamspbg-ops/Sovereign-Mohawk-Proto/cmd/testnet-gui/main.go:1083.50,1084.16 1 0
github.com/rwilliamspbg-ops/Sovereign-Mohawk-Proto/cmd/testnet-gui/main.go:1085.17,1086.39 1 0
github.com/rwilliamspbg-ops/Sovereign-Mohawk-Proto/cmd/testnet-gui/main.go:1087.20,1088.39 1 0
github.com/rwilliamspbg-ops/Sovereign-Mohawk-Proto/cmd/testnet-gui/main.go:1089.22,1090.40 1 0
github.com/rwilliamspbg-ops/Sovereign-Mohawk-Proto/cmd/testnet-gui/main.go:1091.16,1092.96 1 0
github.com/rwilliamspbg-ops/Sovereign-Mohawk-Proto/cmd/testnet-gui/main.go:1093.10,1094.19 1 0
github.com/rwilliamspbg-ops/Sovereign-Mohawk-Proto/cmd/pyapi-metrics-exporter/main.go:15.13,18.30 3 0
github.com/rwilliamspbg-ops/Sovereign-Mohawk-Proto/cmd/pyapi-metrics-exporter/main.go:18.30,20.3 1 0
github.com/rwilliamspbg-ops/Sovereign-Mohawk-Proto/cmd/pyapi-metrics-exporter/main.go:22.2,26.74 4 0
github.com/rwilliamspbg-ops/Sovereign-Mohawk-Proto/cmd/pyapi-metrics-exporter/main.go:26.74,29.3 2 0
github.com/rwilliamspbg-ops/Sovereign-Mohawk-Proto/cmd/pyapi-metrics-exporter/main.go:31.2,33.43 3 0
github.com/rwilliamspbg-ops/Sovereign-Mohawk-Proto/cmd/pyapi-metrics-exporter/main.go:36.64,40.6 3 0
github.com/rwilliamspbg-ops/Sovereign-Mohawk-Proto/cmd/pyapi-metrics-exporter/main.go:40.6,54.3 11 0
github.com/rwilliamspbg-ops/Sovereign-Mohawk-Proto/cmd/pyapi-metrics-exporter/main.go:57.44,59.15 2 0
github.com/rwilliamspbg-ops/Sovereign-Mohawk-Proto/cmd/pyapi-metrics-exporter/main.go:59.15,61.3 1 0
github.com/rwilliamspbg-ops/Sovereign-Mohawk-Proto/cmd/pyapi-metrics-exporter/main.go:62.2,63.30 2 0
github.com/rwilliamspbg-ops/Sovereign-Mohawk-Proto/cmd/pyapi-metrics-exporter/main.go:63.30,65.3 1 0
github.com/rwilliamspbg-ops/Sovereign-Mohawk-Proto/cmd/pyapi-metrics-exporter/main.go:66.2,66.14 1 0
github.com/rwilliamspbg-ops/Sovereign-Mohawk-Proto/cmd/tpm-metrics/main.go:20.72,22.16 2 0
github.com/rwilliamspbg-ops/Sovereign-Mohawk-Proto/cmd/tpm-metrics/main.go:22.16,24.3 1 0
github.com/rwilliamspbg-ops/Sovereign-Mohawk-Proto/cmd/tpm-metrics/main.go:25.2,26.34 2 0
github.com/rwilliamspbg-ops/Sovereign-Mohawk-Proto/cmd/tpm-metrics/main.go:26.34,28.44 2 0
github.com/rwilliamspbg-ops/Sovereign-Mohawk-Proto/cmd/tpm-metrics/main.go:28.44,29.64 1 0
github.com/rwilliamspbg-ops/Sovereign-Mohawk-Proto/cmd/tpm-metrics/main.go:29.64,31.10 2 0
github.com/rwilliamspbg-ops/Sovereign-Mohawk-Proto/cmd/tpm-metrics/main.go:35.2,35.22 1 0
github.com/rwilliamspbg-ops/Sovereign-Mohawk-Proto/cmd/tpm-metrics/main.go:38.13,40.16 2 0
github.com/rwilliamspbg-ops/Sovereign-Mohawk-Proto/cmd/tpm-metrics/main.go:40.16,42.3 1 0
github.com/rwilliamspbg-ops/Sovereign-Mohawk-Proto/cmd/tpm-metrics/main.go:44.2,56.74 4 0
github.com/rwilliamspbg-ops/Sovereign-Mohawk-Proto/cmd/tpm-metrics/main.go:56.74,63.3 3 0
github.com/rwilliamspbg-ops/Sovereign-Mohawk-Proto/cmd/tpm-metrics/main.go:65.2,66.43 2 0
github.com/rwilliamspbg-ops/Sovereign-Mohawk-Proto/internal/aggregator.go:88.40,92.11 3 8
github.com/rwilliamspbg-ops/Sovereign-Mohawk-Proto/internal/aggregator.go:93.19,94.22 1 0
github.com/rwilliamspbg-ops/Sovereign-Mohawk-Proto/internal/aggregator.go:95.14,96.24 1 0
github.com/rwilliamspbg-ops/Sovereign-Mohawk-Proto/internal/aggregator.go:99.2,107.3 2 8
github.com/rwilliamspbg-ops/Sovereign-Mohawk-Proto/internal/aggregator.go:111.94,113.16 2 8
github.com/rwilliamspbg-ops/Sovereign-Mohawk-Proto/internal/aggregator.go:113.16,115.3 1 0
github.com/rwilliamspbg-ops/Sovereign-Mohawk-Proto/internal/aggregator.go:116.2,120.77 3 8
github.com/rwilliamspbg-ops/Sovereign-Mohawk-Proto/internal/aggregator.go:120.77,122.3 1 0
github.com/rwilliamspbg-ops/Sovereign-Mohawk-Proto/internal/aggregator.go:123.2,126.70 2 8
github.com/rwilliamspbg-ops/Sovereign-Mohawk-Proto/internal/aggregator.go:126.70,128.3 1 0
github.com/rwilliamspbg-ops/Sovereign-Mohawk-Proto/internal/aggregator.go:129.2,129.51 1 8
github.com/rwilliamspbg-ops/Sovereign-Mohawk-Proto/internal/aggregator.go:129.51,131.3 1 0
github.com/rwilliamspbg-ops/Sovereign-Mohawk-Proto/internal/aggregator.go:134.2,134.43 1 8
github.com/rwilliamspbg-ops/Sovereign-Mohawk-Proto/internal/aggregator.go:134.43,136.3 1 8
github.com/rwilliamspbg-ops/Sovereign-Mohawk-Proto/internal/aggregator.go:138.2,139.12 2 8
github.com/rwilliamspbg-ops/Sovereign-Mohawk-Proto/internal/aggregator.go:144.140,145.23 1 8
github.com/rwilliamspbg-ops/Sovereign-Mohawk-Proto/internal/aggregator.go:145.23,147.3 1 0
github.com/rwilliamspbg-ops/Sovereign-Mohawk-Proto/internal/aggregator.go:148.2,151.33 3 8
github.com/rwilliamspbg-ops/Sovereign-Mohawk-Proto/internal/aggregator.go:151.33,153.34 2 523
github.com/rwilliamspbg-ops/Sovereign-Mohawk-Proto/internal/aggregator.go:153.34,155.4 1 2
github.com/rwilliamspbg-ops/Sovereign-Mohawk-Proto/internal/aggregator.go:156.3,156.63 1 523
github.com/rwilliamspbg-ops/Sovereign-Mohawk-Proto/internal/aggregator.go:156.63,158.4 1 2
github.com/rwilliamspbg-ops/Sovereign-Mohawk-Proto/internal/aggregator.go:159.3,159.40 1 523
github.com/rwilliamspbg-ops/Sovereign-Mohawk-Proto/internal/aggregator.go:159.40,161.4 1 5
github.com/rwilliamspbg-ops/Sovereign-Mohawk-Proto/internal/aggregator.go:162.3,162.37 1 523
github.com/rwilliamspbg-ops/Sovereign-Mohawk-Proto/internal/aggregator.go:165.2,165.64 1 8
github.com/rwilliamspbg-ops/Sovereign-Mohawk-Proto/internal/aggregator.go:165.64,167.3 1 1
github.com/rwilliamspbg-ops/Sovereign-Mohawk-Proto/internal/aggregator.go:169.2,169.77 1 8
github.com/rwilliamspbg-ops/Sovereign-Mohawk-Proto/internal/aggregator.go:169.77,171.3 1 1
github.com/rwilliamspbg-ops/Sovereign-Mohawk-Proto/internal/aggregator.go:173.2,173.35 1 8
github.com/rwilliamspbg-ops/Sovereign-Mohawk-Proto/internal/aggregator.go:173.35,175.3 1 1
github.com/rwilliamspbg-ops/Sovereign-Mohawk-Proto/internal/aggregator.go:177.2,177.27 1 8
github.com/rwilliamspbg-ops/Sovereign-Mohawk-Proto/internal/aggregator.go:177.27,179.3 1 520
github.com/rwilliamspbg-ops/Sovereign-Mohawk-Proto/internal/aggregator.go:181.2,182.24 2 8
github.com/rwilliamspbg-ops/Sovereign-Mohawk-Proto/internal/aggregator.go:182.24,184.3 1 0
github.com/rwilliamspbg-ops/Sovereign-Mohawk-Proto/internal/aggregator.go:186.2,186.35 1 8
github.com/rwilliamspbg-ops/Sovereign-Mohawk-Proto/internal/aggregator.go:186.35,188.17 2 1
github.com/rwilliamspbg-ops/Sovereign-Mohawk-Proto/internal/aggregator.go:188.17,190.4 1 0
github.com/rwilliamspbg-ops/Sovereign-Mohawk-Proto/internal/aggregator.go:191.3,191.21 1 1
github.com/rwilliamspbg-ops/Sovereign-Mohawk-Proto/internal/aggregator.go:194.2,194.36 1 8
github.com/rwilliamspbg-ops/Sovereign-Mohawk-Proto/internal/aggregator.go:194.36,196.25 2 1
github.com/rwilliamspbg-ops/Sovereign-Mohawk-Proto/internal/aggregator.go:196.25,198.4 1 0
github.com/rwilliamspbg-ops/Sovereign-Mohawk-Proto/internal/aggregator.go:201.2,203.25 3 8
github.com/rwilliamspbg-ops/Sovereign-Mohawk-Proto/internal/aggregator.go:203.25,205.17 2 2
github.com/rwilliamspbg-ops/Sovereign-Mohawk-Proto/internal/aggregator.go:205.17,206.33 1 1
github.com/rwilliamspbg-ops/Sovereign-Mohawk-Proto/internal/aggregator.go:206.33,208.5 1 0
github.com/rwilliamspbg-ops/Sovereign-Mohawk-Proto/internal/aggregator.go:209.4,210.19 2 1
github.com/rwilliamspbg-ops/Sovereign-Mohawk-Proto/internal/aggregator.go:210.19,212.5 1 0
github.com/rwilliamspbg-ops/Sovereign-Mohawk-Proto/internal/aggregator.go:213.4,214.23 2 1
github.com/rwilliamspbg-ops/Sovereign-Mohawk-Proto/internal/aggregator.go:215.9,217.40 2 1
github.com/rwilliamspbg-ops/Sovereign-Mohawk-Proto/internal/aggregator.go:217.40,218.40 1 3
github.com/rwilliamspbg-ops/Sovereign-Mohawk-Proto/internal/aggregator.go:218.40,220.6 1 3
github.com/rwilliamspbg-ops/Sovereign-Mohawk-Proto/internal/aggregator.go:222.4,222.26 1 1
github.com/rwilliamspbg-ops/Sovereign-Mohawk-Proto/internal/aggregator.go:222.26,224.5 1 0
github.com/rwilliamspbg-ops/Sovereign-Mohawk-Proto/internal/aggregator.go:225.4,226.24 2 1
github.com/rwilliamspbg-ops/Sovereign-Mohawk-Proto/internal/aggregator.go:230.2,233.49 4 8
github.com/rwilliamspbg-ops/Sovereign-Mohawk-Proto/internal/aggregator.go:233.49,235.22 2 8
github.com/rwilliamspbg-ops/Sovereign-Mohawk-Proto/internal/aggregator.go:235.22,237.4 1 0
github.com/rwilliamspbg-ops/Sovereign-Mohawk-Proto/internal/aggregator.go:238.3,238.32 1 8
github.com/rwilliamspbg-ops/Sovereign-Mohawk-Proto/internal/aggregator.go:238.32,240.4 1 0
github.com/rwilliamspbg-ops/Sovereign-Mohawk-Proto/internal/aggregator.go:242.2,242.22 1 8
github.com/rwilliamspbg-ops/Sovereign-Mohawk-Proto/internal/aggregator.go:242.22,244.3 1 6
github.com/rwilliamspbg-ops/Sovereign-Mohawk-Proto/internal/aggregator.go:245.2,245.30 1 8
github.com/rwilliamspbg-ops/Sovereign-Mohawk-Proto/internal/aggregator.go:245.30,247.3 1 2
github.com/rwilliamspbg-ops/Sovereign-Mohawk-Proto/internal/aggregator.go:249.2,249.75 1 8
github.com/rwilliamspbg-ops/Sovereign-Mohawk-Proto/internal/aggregator.go:249.75,251.3 1 0
github.com/rwilliamspbg-ops/Sovereign-Mohawk-Proto/internal/aggregator.go:252.2,262.8 2 8
github.com/rwilliamspbg-ops/Sovereign-Mohawk-Proto/internal/aggregator.go:265.89,267.14 2 1
github.com/rwilliamspbg-ops/Sovereign-Mohawk-Proto/internal/aggregator.go:267.14,269.3 1 0
github.com/rwilliamspbg-ops/Sovereign-Mohawk-Proto/internal/aggregator.go:270.2,270.44 1 1
github.com/rwilliamspbg-ops/Sovereign-Mohawk-Proto/internal/aggregator.go:270.44,272.3 1 10
github.com/rwilliamspbg-ops/Sovereign-Mohawk-Proto/internal/aggregator.go:273.2,273.25 1 1
github.com/rwilliamspbg-ops/Sovereign-Mohawk-Proto/internal/aggregator.go:276.75,277.22 1 1
github.com/rwilliamspbg-ops/Sovereign-Mohawk-Proto/internal/aggregator.go:277.22,279.3 1 0
github.com/rwilliamspbg-ops/Sovereign-Mohawk-Proto/internal/aggregator.go:280.2,280.27 1 1
github.com/rwilliamspbg-ops/Sovereign-Mohawk-Proto/internal/aggregator.go:280.27,283.3 2 2
github.com/rwilliamspbg-ops/Sovereign-Mohawk-Proto/internal/aggregator.go:286.65,288.32 2 8
github.com/rwilliamspbg-ops/Sovereign-Mohawk-Proto/internal/aggregator.go:288.32,290.3 1 520
github.com/rwilliamspbg-ops/Sovereign-Mohawk-Proto/internal/aggregator.go:291.2,291.12 1 8
github.com/rwilliamspbg-ops/Sovereign-Mohawk-Proto/internal/aggregator.go:294.49,295.17 1 520
github.com/rwilliamspbg-ops/Sovereign-Mohawk-Proto/internal/aggregator.go:295.17,297.3 1 0
github.com/rwilliamspbg-ops/Sovereign-Mohawk-Proto/internal/aggregator.go:298.2,298.21 1 520
github.com/rwilliamspbg-ops/Sovereign-Mohawk-Proto/internal/aggregator.go:298.21,300.3 1 1555
github.com/rwilliamspbg-ops/Sovereign-Mohawk-Proto/internal/aggregator.go:303.83,305.12 2 8
github.com/rwilliamspbg-ops/Sovereign-Mohawk-Proto/internal/aggregator.go:305.12,307.3 1 6
github.com/rwilliamspbg-ops/Sovereign-Mohawk-Proto/internal/aggregator.go:308.2,308.57 1 8
github.com/rwilliamspbg-ops/Sovereign-Mohawk-Proto/internal/aggregator.go:308.57,310.3 1 0
github.com/rwilliamspbg-ops/Sovereign-Mohawk-Proto/internal/aggregator.go:311.2,312.15 2 8
github.com/rwilliamspbg-ops/Sovereign-Mohawk-Proto/internal/aggregator.go:312.15,314.3 1 7
github.com/rwilliamspbg-ops/Sovereign-Mohawk-Proto/internal/aggregator.go:315.2,316.15 2 8
github.com/rwilliamspbg-ops/Sovereign-Mohawk-Proto/internal/aggregator.go:316.15,318.3 1 7
github.com/rwilliamspbg-ops/Sovereign-Mohawk-Proto/internal/aggregator.go:319.2,319.17 1 8
github.com/rwilliamspbg-ops/Sovereign-Mohawk-Proto/internal/aggregator.go:319.17,321.3 1 0
github.com/rwilliamspbg-ops/Sovereign-Mohawk-Proto/internal/aggregator.go:322.2,322.34 1 8
github.com/rwilliamspbg-ops/Sovereign-Mohawk-Proto/internal/aggregator.go:325.48,326.15 1 8
github.com/rwilliamspbg-ops/Sovereign-Mohawk-Proto/internal/aggregator.go:326.15,328.3 1 8
github.com/rwilliamspbg-ops/Sovereign-Mohawk-Proto/internal/aggregator.go:329.2,329.38 1 0
github.com/rwilliamspbg-ops/Sovereign-Mohawk-Proto/internal/aggregator.go:332.48,333.14 1 8
github.com/rwilliamspbg-ops/Sovereign-Mohawk-Proto/internal/aggregator.go:333.14,335.3 1 1
github.com/rwilliamspbg-ops/Sovereign-Mohawk-Proto/internal/aggregator.go:336.2,336.14 1 7
github.com/rwilliamspbg-ops/Sovereign-Mohawk-Proto/internal/aggregator.go:336.14,338.3 1 0
github.com/rwilliamspbg-ops/Sovereign-Mohawk-Proto/internal/aggregator.go:339.2,339.10 1 7
github.com/rwilliamspbg-ops/Sovereign-Mohawk-Proto/internal/aggregator.go:342.37,343.11 1 2
github.com/rwilliamspbg-ops/Sovereign-Mohawk-Proto/internal/aggregator.go:343.11,345.3 1 0
github.com/rwilliamspbg-ops/Sovereign-Mohawk-Proto/internal/aggregator.go:346.2,346.10 1 2
github.com/rwilliamspbg-ops/Sovereign-Mohawk-Proto/internal/aggregator.go:349.85,350.23 1 2
github.com/rwilliamspbg-ops/Sovereign-Mohawk-Proto/internal/aggregator.go:350.23,352.3 1 0
github.com/rwilliamspbg-ops/Sovereign-Mohawk-Proto/internal/aggregator.go:353.2,353.19 1 2
github.com/rwilliamspbg-ops/Sovereign-Mohawk-Proto/internal/aggregator.go:353.19,355.3 1 0
github.com/rwilliamspbg-ops/Sovereign-Mohawk-Proto/internal/aggregator.go:356.2,356.19 1 2
github.com/rwilliamspbg-ops/Sovereign-Mohawk-Proto/internal/aggregator.go:356.19,358.3 1 0
github.com/rwilliamspbg-ops/Sovereign-Mohawk-Proto/internal/aggregator.go:360.2,361.14 2 2
github.com/rwilliamspbg-ops/Sovereign-Mohawk-Proto/internal/aggregator.go:361.14,363.3 1 0
github.com/rwilliamspbg-ops/Sovereign-Mohawk-Proto/internal/aggregator.go:365.2,370.33 3 2
github.com/rwilliamspbg-ops/Sovereign-Mohawk-Proto/internal/aggregator.go:370.33,372.3 1 8
github.com/rwilliamspbg-ops/Sovereign-Mohawk-Proto/internal/aggregator.go:373.2,373.48 1 2
github.com/rwilliamspbg-ops/Sovereign-Mohawk-Proto/internal/aggregator.go:373.48,375.3 1 8
github.com/rwilliamspbg-ops/Sovereign-Mohawk-Proto/internal/aggregator.go:377.2,378.49 2 2
github.com/rwilliamspbg-ops/Sovereign-Mohawk-Proto/internal/aggregator.go:378.49,380.3 1 6
github.com/rwilliamspbg-ops/Sovereign-Mohawk-Proto/internal/aggregator.go:381.2,381.21 1 2
github.com/rwilliamspbg-ops/Sovereign-Mohawk-Proto/internal/aggregator.go:384.74,385.41 1 1
github.com/rwilliamspbg-ops/Sovereign-Mohawk-Proto/internal/aggregator.go:385.41,387.3 1 0
github.com/rwilliamspbg-ops/Sovereign-Mohawk-Proto/internal/aggregator.go:388.2,389.47 2 1
github.com/rwilliamspbg-ops/Sovereign-Mohawk-Proto/internal/aggregator.go:389.47,391.25 2 2
github.com/rwilliamspbg-ops/Sovereign-Mohawk-Proto/internal/aggregator.go:391.25,393.4 1 0
github.com/rwilliamspbg-ops/Sovereign-Mohawk-Proto/internal/aggregator.go:394.3,394.56 1 2
github.com/rwilliamspbg-ops/Sovereign-Mohawk-Proto/internal/aggregator.go:396.2,396.15 1 1
github.com/rwilliamspbg-ops/Sovereign-Mohawk-Proto/internal/aggregator.go:399.50,400.23 1 2
github.com/rwilliamspbg-ops/Sovereign-Mohawk-Proto/internal/aggregator.go:400.23,402.3 1 0
github.com/rwilliamspbg-ops/Sovereign-Mohawk-Proto/internal/aggregator.go:403.2,405.33 3 2
github.com/rwilliamspbg-ops/Sovereign-Mohawk-Proto/internal/aggregator.go:405.33,407.26 2 4
github.com/rwilliamspbg-ops/Sovereign-Mohawk-Proto/internal/aggregator.go:407.26,409.4 1 0
github.com/rwilliamspbg-ops/Sovereign-Mohawk-Proto/internal/aggregator.go:410.3,410.30 1 4
github.com/rwilliamspbg-ops/Sovereign-Mohawk-Proto/internal/aggregator.go:410.30,412.4 1 12
github.com/rwilliamspbg-ops/Sovereign-Mohawk-Proto/internal/aggregator.go:414.2,415.21 2 2
github.com/rwilliamspbg-ops/Sovereign-Mohawk-Proto/internal/aggregator.go:415.21,417.3 1 6
github.com/rwilliamspbg-ops/Sovereign-Mohawk-Proto/internal/aggregator.go:418.2,418.12 1 2
github.com/rwilliamspbg-ops/Sovereign-Mohawk-Proto/internal/aggregator.go:421.47,423.33 2 16
github.com/rwilliamspbg-ops/Sovereign-Mohawk-Proto/internal/aggregator.go:423.33,425.32 2 522
github.com/rwilliamspbg-ops/Sovereign-Mohawk-Proto/internal/aggregator.go:425.32,427.4 1 1561
github.com/rwilliamspbg-ops/Sovereign-Mohawk-Proto/internal/aggregator.go:428.3,428.47 1 522
github.com/rwilliamspbg-ops/Sovereign-Mohawk-Proto/internal/aggregator.go:430.2,430.16 1 16
github.com/rwilliamspbg-ops/Sovereign-Mohawk-Proto/internal/batch_verifier.go:34.53,35.20 1 0
github.com/rwilliamspbg-ops/Sovereign-Mohawk-Proto/internal/batch_verifier.go:35.20,37.21 2 0
github.com/rwilliamspbg-ops/Sovereign-Mohawk-Proto/internal/batch_verifier.go:37.21,39.4 1 0
github.com/rwilliamspbg-ops/Sovereign-Mohawk-Proto/internal/batch_verifier.go:41.2,41.48 1 0
github.com/rwilliamspbg-ops/Sovereign-Mohawk-Proto/internal/batch_verifier.go:46.128,47.71 1 0
github.com/rwilliamspbg-ops/Sovereign-Mohawk-Proto/internal/batch_verifier.go:47.71,49.3 1 0
github.com/rwilliamspbg-ops/Sovereign-Mohawk-Proto/internal/batch_verifier.go:51.2,54.53 3 0
github.com/rwilliamspbg-ops/Sovereign-Mohawk-Proto/internal/batch_verifier.go:54.53,56.25 2 0
github.com/rwilliamspbg-ops/Sovereign-Mohawk-Proto/internal/batch_verifier.go:56.25,58.4 1 0
github.com/rwilliamspbg-ops/Sovereign-Mohawk-Proto/internal/batch_verifier.go:60.3,61.27 2 0
github.com/rwilliamspbg-ops/Sovereign-Mohawk-Proto/internal/batch_verifier.go:61.27,63.33 2 0
github.com/rwilliamspbg-ops/Sovereign-Mohawk-Proto/internal/batch_verifier.go:63.33,65.5 1 0
github.com/rwilliamspbg-ops/Sovereign-Mohawk-Proto/internal/batch_verifier.go:69.2,70.21 2 0
github.com/rwilliamspbg-ops/Sovereign-Mohawk-Proto/internal/convergence.go:33.81,39.2 1 8
github.com/rwilliamspbg-ops/Sovereign-Mohawk-Proto/internal/convergence.go:43.66,53.2 5 8
github.com/rwilliamspbg-ops/Sovereign-Mohawk-Proto/internal/convergence.go:56.65,60.24 3 0
github.com/rwilliamspbg-ops/Sovereign-Mohawk-Proto/internal/convergence.go:60.24,62.3 1 0
github.com/rwilliamspbg-ops/Sovereign-Mohawk-Proto/internal/convergence.go:65.2,65.24 1 0
github.com/rwilliamspbg-ops/Sovereign-Mohawk-Proto/internal/dp_config.go:38.30,44.2 1 8
github.com/rwilliamspbg-ops/Sovereign-Mohawk-Proto/internal/dp_config.go:46.54,48.15 2 16
github.com/rwilliamspbg-ops/Sovereign-Mohawk-Proto/internal/dp_config.go:48.15,50.3 1 8
github.com/rwilliamspbg-ops/Sovereign-Mohawk-Proto/internal/dp_config.go:51.2,52.26 2 8
[...]
github.com/rwilliamspbg-ops/Sovereign-Mohawk-Proto/internal/tpm/tpm.go:313.82,314.21 1 0
github.com/rwilliamspbg-ops/Sovereign-Mohawk-Proto/internal/tpm/tpm.go:314.21,316.3 1 0
github.com/rwilliamspbg-ops/Sovereign-Mohawk-Proto/internal/tpm/tpm.go:317.2,317.55 1 0
github.com/rwilliamspbg-ops/Sovereign-Mohawk-Proto/internal/tpm/tpm.go:317.55,319.3 1 0
github.com/rwilliamspbg-ops/Sovereign-Mohawk-Proto/internal/tpm/tpm.go:321.2,322.35 2 0
github.com/rwilliamspbg-ops/Sovereign-Mohawk-Proto/internal/tpm/tpm.go:322.35,328.3 1 0
github.com/rwilliamspbg-ops/Sovereign-Mohawk-Proto/internal/tpm/tpm.go:329.2,329.18 1 0
github.com/rwilliamspbg-ops/Sovereign-Mohawk-Proto/internal/tpm/tpm.go:332.49,334.27 2 0
github.com/rwilliamspbg-ops/Sovereign-Mohawk-Proto/internal/tpm/tpm.go:334.27,336.3 1 0
github.com/rwilliamspbg-ops/Sovereign-Mohawk-Proto/internal/tpm/tpm.go:337.2,337.14 1 0
github.com/rwilliamspbg-ops/Sovereign-Mohawk-Proto/internal/tpm/tpm.go:340.58,342.16 2 0
github.com/rwilliamspbg-ops/Sovereign-Mohawk-Proto/internal/tpm/tpm.go:342.16,344.3 1 0
github.com/rwilliamspbg-ops/Sovereign-Mohawk-Proto/internal/tpm/tpm.go:345.2,346.16 2 0
github.com/rwilliamspbg-ops/Sovereign-Mohawk-Proto/internal/tpm/tpm.go:346.16,348.3 1 0
github.com/rwilliamspbg-ops/Sovereign-Mohawk-Proto/internal/tpm/tpm.go:349.2,356.8 3 0
github.com/rwilliamspbg-ops/Sovereign-Mohawk-Proto/internal/tpm/tpm.go:359.77,361.16 2 0
github.com/rwilliamspbg-ops/Sovereign-Mohawk-Proto/internal/tpm/tpm.go:361.16,363.3 1 0
github.com/rwilliamspbg-ops/Sovereign-Mohawk-Proto/internal/tpm/tpm.go:364.2,365.16 2 0
github.com/rwilliamspbg-ops/Sovereign-Mohawk-Proto/internal/tpm/tpm.go:365.16,367.3 1 0
github.com/rwilliamspbg-ops/Sovereign-Mohawk-Proto/internal/tpm/tpm.go:368.2,375.8 3 0
github.com/rwilliamspbg-ops/Sovereign-Mohawk-Proto/internal/tpm/tpm.go:378.52,384.49 5 3
github.com/rwilliamspbg-ops/Sovereign-Mohawk-Proto/internal/tpm/tpm.go:384.49,386.3 1 0
github.com/rwilliamspbg-ops/Sovereign-Mohawk-Proto/internal/tpm/tpm.go:388.2,389.16 2 3
github.com/rwilliamspbg-ops/Sovereign-Mohawk-Proto/internal/tpm/tpm.go:389.16,391.3 1 0
github.com/rwilliamspbg-ops/Sovereign-Mohawk-Proto/internal/tpm/tpm.go:392.2,392.150 1 3
github.com/rwilliamspbg-ops/Sovereign-Mohawk-Proto/internal/tpm/tpm.go:392.150,394.3 1 0
github.com/rwilliamspbg-ops/Sovereign-Mohawk-Proto/internal/tpm/tpm.go:395.2,396.24 2 3
github.com/rwilliamspbg-ops/Sovereign-Mohawk-Proto/internal/tpm/tpm.go:396.24,398.3 1 0
github.com/rwilliamspbg-ops/Sovereign-Mohawk-Proto/internal/tpm/tpm.go:398.8,400.3 1 3
github.com/rwilliamspbg-ops/Sovereign-Mohawk-Proto/internal/tpm/tpm.go:401.2,401.16 1 3
github.com/rwilliamspbg-ops/Sovereign-Mohawk-Proto/internal/tpm/tpm.go:401.16,403.3 1 0
github.com/rwilliamspbg-ops/Sovereign-Mohawk-Proto/internal/tpm/tpm.go:404.2,405.22 2 3
github.com/rwilliamspbg-ops/Sovereign-Mohawk-Proto/internal/tpm/tpm.go:408.41,411.60 3 6
github.com/rwilliamspbg-ops/Sovereign-Mohawk-Proto/internal/tpm/tpm.go:411.60,413.3 1 0
github.com/rwilliamspbg-ops/Sovereign-Mohawk-Proto/internal/tpm/tpm.go:415.2,417.28 3 6
github.com/rwilliamspbg-ops/Sovereign-Mohawk-Proto/internal/tpm/tpm.go:417.28,422.28 2 0
github.com/rwilliamspbg-ops/Sovereign-Mohawk-Proto/internal/tpm/tpm.go:422.28,424.18 2 0
github.com/rwilliamspbg-ops/Sovereign-Mohawk-Proto/internal/tpm/tpm.go:424.18,425.72 1 0
github.com/rwilliamspbg-ops/Sovereign-Mohawk-Proto/internal/tpm/tpm.go:425.72,427.6 1 0
github.com/rwilliamspbg-ops/Sovereign-Mohawk-Proto/internal/tpm/tpm.go:428.10,429.112 1 0
github.com/rwilliamspbg-ops/Sovereign-Mohawk-Proto/internal/tpm/tpm.go:429.112,435.6 5 0
github.com/rwilliamspbg-ops/Sovereign-Mohawk-Proto/internal/tpm/tpm.go:436.5,436.33 1 0
github.com/rwilliamspbg-ops/Sovereign-Mohawk-Proto/internal/tpm/tpm.go:438.9,440.18 2 0
github.com/rwilliamspbg-ops/Sovereign-Mohawk-Proto/internal/tpm/tpm.go:440.18,441.72 1 0
github.com/rwilliamspbg-ops/Sovereign-Mohawk-Proto/internal/tpm/tpm.go:441.72,443.6 1 0
github.com/rwilliamspbg-ops/Sovereign-Mohawk-Proto/internal/tpm/tpm.go:444.10,445.112 1 0
github.com/rwilliamspbg-ops/Sovereign-Mohawk-Proto/internal/tpm/tpm.go:445.112,451.6 5 0
github.com/rwilliamspbg-ops/Sovereign-Mohawk-Proto/internal/tpm/tpm.go:452.5,452.33 1 0
github.com/rwilliamspbg-ops/Sovereign-Mohawk-Proto/internal/tpm/tpm.go:457.2,457.36 1 6
github.com/rwilliamspbg-ops/Sovereign-Mohawk-Proto/internal/tpm/tpm.go:457.36,459.3 1 0
github.com/rwilliamspbg-ops/Sovereign-Mohawk-Proto/internal/tpm/tpm.go:461.2,461.107 1 6
github.com/rwilliamspbg-ops/Sovereign-Mohawk-Proto/internal/tpm/tpm.go:461.107,463.3 1 5
github.com/rwilliamspbg-ops/Sovereign-Mohawk-Proto/internal/tpm/tpm.go:464.2,465.30 2 1
github.com/rwilliamspbg-ops/Sovereign-Mohawk-Proto/internal/tpm/tpm.go:465.30,469.3 3 1
github.com/rwilliamspbg-ops/Sovereign-Mohawk-Proto/internal/tpm/tpm.go:470.2,470.44 1 1
github.com/rwilliamspbg-ops/Sovereign-Mohawk-Proto/internal/tpm/tpm.go:473.48,474.37 1 6
github.com/rwilliamspbg-ops/Sovereign-Mohawk-Proto/internal/tpm/tpm.go:474.37,476.3 1 6
github.com/rwilliamspbg-ops/Sovereign-Mohawk-Proto/internal/tpm/tpm.go:477.2,477.27 1 0
github.com/rwilliamspbg-ops/Sovereign-Mohawk-Proto/internal/tpm/tpm.go:477.27,479.3 1 0
github.com/rwilliamspbg-ops/Sovereign-Mohawk-Proto/internal/tpm/tpm.go:480.2,480.123 1 0
github.com/rwilliamspbg-ops/Sovereign-Mohawk-Proto/internal/tpm/tpm.go:483.82,485.16 2 0
github.com/rwilliamspbg-ops/Sovereign-Mohawk-Proto/internal/tpm/tpm.go:485.16,487.3 1 0
github.com/rwilliamspbg-ops/Sovereign-Mohawk-Proto/internal/tpm/tpm.go:488.2,489.16 2 0
github.com/rwilliamspbg-ops/Sovereign-Mohawk-Proto/internal/tpm/tpm.go:489.16,491.3 1 0
github.com/rwilliamspbg-ops/Sovereign-Mohawk-Proto/internal/tpm/tpm.go:493.2,494.22 2 0
github.com/rwilliamspbg-ops/Sovereign-Mohawk-Proto/internal/tpm/tpm.go:494.22,496.3 1 0
github.com/rwilliamspbg-ops/Sovereign-Mohawk-Proto/internal/tpm/tpm.go:497.2,498.16 2 0
github.com/rwilliamspbg-ops/Sovereign-Mohawk-Proto/internal/tpm/tpm.go:498.16,500.3 1 0
github.com/rwilliamspbg-ops/Sovereign-Mohawk-Proto/internal/tpm/tpm.go:502.2,503.21 2 0
github.com/rwilliamspbg-ops/Sovereign-Mohawk-Proto/internal/tpm/tpm.go:503.21,505.3 1 0
github.com/rwilliamspbg-ops/Sovereign-Mohawk-Proto/internal/tpm/tpm.go:506.2,507.16 2 0
github.com/rwilliamspbg-ops/Sovereign-Mohawk-Proto/internal/tpm/tpm.go:507.16,509.20 2 0
github.com/rwilliamspbg-ops/Sovereign-Mohawk-Proto/internal/tpm/tpm.go:509.20,511.4 1 0
github.com/rwilliamspbg-ops/Sovereign-Mohawk-Proto/internal/tpm/tpm.go:512.3,513.10 2 0
github.com/rwilliamspbg-ops/Sovereign-Mohawk-Proto/internal/tpm/tpm.go:513.10,515.4 1 0
github.com/rwilliamspbg-ops/Sovereign-Mohawk-Proto/internal/tpm/tpm.go:516.3,516.21 1 0
github.com/rwilliamspbg-ops/Sovereign-Mohawk-Proto/internal/tpm/tpm.go:519.2,519.16 1 0
github.com/rwilliamspbg-ops/Sovereign-Mohawk-Proto/internal/tpm/tpm.go:519.16,521.3 1 0
github.com/rwilliamspbg-ops/Sovereign-Mohawk-Proto/internal/tpm/tpm.go:523.2,523.52 1 0
github.com/rwilliamspbg-ops/Sovereign-Mohawk-Proto/internal/tpm/tpm.go:526.69,528.16 2 0
github.com/rwilliamspbg-ops/Sovereign-Mohawk-Proto/internal/tpm/tpm.go:528.16,530.3 1 0
github.com/rwilliamspbg-ops/Sovereign-Mohawk-Proto/internal/tpm/tpm.go:531.2,532.22 2 0
github.com/rwilliamspbg-ops/Sovereign-Mohawk-Proto/internal/tpm/tpm.go:532.22,534.3 1 0
github.com/rwilliamspbg-ops/Sovereign-Mohawk-Proto/internal/tpm/tpm.go:535.2,536.16 2 0
github.com/rwilliamspbg-ops/Sovereign-Mohawk-Proto/internal/tpm/tpm.go:536.16,538.3 1 0
github.com/rwilliamspbg-ops/Sovereign-Mohawk-Proto/internal/tpm/tpm.go:539.2,539.16 1 0
github.com/rwilliamspbg-ops/Sovereign-Mohawk-Proto/internal/tpm/tpm.go:539.16,541.3 1 0
github.com/rwilliamspbg-ops/Sovereign-Mohawk-Proto/internal/tpm/tpm.go:542.2,542.46 1 0
github.com/rwilliamspbg-ops/Sovereign-Mohawk-Proto/internal/tpm/tpm.go:545.82,546.36 1 0
github.com/rwilliamspbg-ops/Sovereign-Mohawk-Proto/internal/tpm/tpm.go:546.36,548.3 1 0
github.com/rwilliamspbg-ops/Sovereign-Mohawk-Proto/internal/tpm/tpm.go:549.2,549.28 1 0
github.com/rwilliamspbg-ops/Sovereign-Mohawk-Proto/internal/tpm/tpm.go:549.28,551.3 1 0
github.com/rwilliamspbg-ops/Sovereign-Mohawk-Proto/internal/tpm/tpm.go:552.2,552.73 1 0
github.com/rwilliamspbg-ops/Sovereign-Mohawk-Proto/internal/tpm/tpm.go:552.73,554.3 1 0
github.com/rwilliamspbg-ops/Sovereign-Mohawk-Proto/internal/tpm/tpm.go:555.2,555.71 1 0
github.com/rwilliamspbg-ops/Sovereign-Mohawk-Proto/internal/tpm/tpm.go:555.71,557.3 1 0
github.com/rwilliamspbg-ops/Sovereign-Mohawk-Proto/internal/tpm/tpm.go:558.2,558.14 1 0
github.com/rwilliamspbg-ops/Sovereign-Mohawk-Proto/internal/tpm/tpm.go:561.45,563.16 2 0
github.com/rwilliamspbg-ops/Sovereign-Mohawk-Proto/internal/tpm/tpm.go:563.16,565.3 1 0
github.com/rwilliamspbg-ops/Sovereign-Mohawk-Proto/internal/tpm/tpm.go:566.2,566.21 1 0
github.com/rwilliamspbg-ops/Sovereign-Mohawk-Proto/internal/tpm/tpm.go:569.58,570.17 1 5
github.com/rwilliamspbg-ops/Sovereign-Mohawk-Proto/internal/tpm/tpm.go:570.17,572.3 1 0
github.com/rwilliamspbg-ops/Sovereign-Mohawk-Proto/internal/tpm/tpm.go:573.2,573.69 1 5
github.com/rwilliamspbg-ops/Sovereign-Mohawk-Proto/internal/tpm/tpm.go:576.35,578.15 2 1
github.com/rwilliamspbg-ops/Sovereign-Mohawk-Proto/internal/tpm/tpm.go:578.15,580.3 1 1
github.com/rwilliamspbg-ops/Sovereign-Mohawk-Proto/internal/tpm/tpm.go:581.2,582.31 2 0
github.com/rwilliamspbg-ops/Sovereign-Mohawk-Proto/internal/tpm/tpm.go:582.31,584.3 1 0
github.com/rwilliamspbg-ops/Sovereign-Mohawk-Proto/internal/tpm/tpm.go:585.2,585.15 1 0
github.com/rwilliamspbg-ops/Sovereign-Mohawk-Proto/internal/tpm/tpm.go:588.43,590.15 2 5
github.com/rwilliamspbg-ops/Sovereign-Mohawk-Proto/internal/tpm/tpm.go:590.15,592.3 1 5
github.com/rwilliamspbg-ops/Sovereign-Mohawk-Proto/internal/tpm/tpm.go:593.2,594.31 2 0
github.com/rwilliamspbg-ops/Sovereign-Mohawk-Proto/internal/tpm/tpm.go:594.31,596.3 1 0
github.com/rwilliamspbg-ops/Sovereign-Mohawk-Proto/internal/tpm/tpm.go:597.2,597.15 1 0
github.com/rwilliamspbg-ops/Sovereign-Mohawk-Proto/internal/tpm/tpm.go:600.58,602.16 2 1
github.com/rwilliamspbg-ops/Sovereign-Mohawk-Proto/internal/tpm/tpm.go:602.16,604.3 1 0
github.com/rwilliamspbg-ops/Sovereign-Mohawk-Proto/internal/tpm/tpm.go:606.2,619.16 3 1
github.com/rwilliamspbg-ops/Sovereign-Mohawk-Proto/internal/tpm/tpm.go:619.16,621.3 1 0
github.com/rwilliamspbg-ops/Sovereign-Mohawk-Proto/internal/tpm/tpm.go:622.2,623.16 2 1
github.com/rwilliamspbg-ops/Sovereign-Mohawk-Proto/internal/tpm/tpm.go:623.16,625.3 1 0
github.com/rwilliamspbg-ops/Sovereign-Mohawk-Proto/internal/tpm/tpm.go:626.2,626.46 1 1
github.com/rwilliamspbg-ops/Sovereign-Mohawk-Proto/internal/tpm/tpm.go:629.74,630.47 1 3
github.com/rwilliamspbg-ops/Sovereign-Mohawk-Proto/internal/tpm/tpm.go:630.47,632.3 1 0
github.com/rwilliamspbg-ops/Sovereign-Mohawk-Proto/internal/tpm/tpm.go:633.2,633.26 1 3
github.com/rwilliamspbg-ops/Sovereign-Mohawk-Proto/internal/tpm/tpm.go:633.26,635.3 1 0
github.com/rwilliamspbg-ops/Sovereign-Mohawk-Proto/internal/tpm/tpm.go:636.2,637.16 2 3
github.com/rwilliamspbg-ops/Sovereign-Mohawk-Proto/internal/tpm/tpm.go:637.16,639.3 1 0
github.com/rwilliamspbg-ops/Sovereign-Mohawk-Proto/internal/tpm/tpm.go:641.2,654.16 3 3
github.com/rwilliamspbg-ops/Sovereign-Mohawk-Proto/internal/tpm/tpm.go:654.16,656.3 1 0
github.com/rwilliamspbg-ops/Sovereign-Mohawk-Proto/internal/tpm/tpm.go:657.2,658.16 2 3
github.com/rwilliamspbg-ops/Sovereign-Mohawk-Proto/internal/tpm/tpm.go:658.16,660.3 1 0
github.com/rwilliamspbg-ops/Sovereign-Mohawk-Proto/internal/tpm/tpm.go:661.2,664.16 4 3
github.com/rwilliamspbg-ops/Sovereign-Mohawk-Proto/internal/tpm/tpm.go:664.16,666.3 1 0
github.com/rwilliamspbg-ops/Sovereign-Mohawk-Proto/internal/tpm/tpm.go:667.2,670.16 4 3
github.com/rwilliamspbg-ops/Sovereign-Mohawk-Proto/internal/tpm/tpm.go:670.16,672.3 1 0
github.com/rwilliamspbg-ops/Sovereign-Mohawk-Proto/internal/tpm/tpm.go:673.2,674.16 2 3
github.com/rwilliamspbg-ops/Sovereign-Mohawk-Proto/internal/tpm/tpm.go:674.16,676.3 1 0
github.com/rwilliamspbg-ops/Sovereign-Mohawk-Proto/internal/tpm/tpm.go:677.2,689.8 1 3
github.com/rwilliamspbg-ops/Sovereign-Mohawk-Proto/internal/tpm/tpm.go:692.116,693.47 1 0
github.com/rwilliamspbg-ops/Sovereign-Mohawk-Proto/internal/tpm/tpm.go:693.47,695.3 1 0
github.com/rwilliamspbg-ops/Sovereign-Mohawk-Proto/internal/tpm/tpm.go:696.2,697.16 2 0
github.com/rwilliamspbg-ops/Sovereign-Mohawk-Proto/internal/tpm/tpm.go:697.16,699.3 1 0
github.com/rwilliamspbg-ops/Sovereign-Mohawk-Proto/internal/tpm/tpm.go:700.2,701.16 2 0
github.com/rwilliamspbg-ops/Sovereign-Mohawk-Proto/internal/tpm/tpm.go:701.16,703.3 1 0
github.com/rwilliamspbg-ops/Sovereign-Mohawk-Proto/internal/tpm/tpm.go:704.2,705.16 2 0
github.com/rwilliamspbg-ops/Sovereign-Mohawk-Proto/internal/tpm/tpm.go:705.16,707.3 1 0
github.com/rwilliamspbg-ops/Sovereign-Mohawk-Proto/internal/tpm/tpm.go:708.2,708.35 1 0
github.com/rwilliamspbg-ops/Sovereign-Mohawk-Proto/internal/tpm/tpm.go:708.35,710.3 1 0
github.com/rwilliamspbg-ops/Sovereign-Mohawk-Proto/internal/tpm/tpm.go:711.2,712.16 2 0
github.com/rwilliamspbg-ops/Sovereign-Mohawk-Proto/internal/tpm/tpm.go:712.16,714.3 1 0
github.com/rwilliamspbg-ops/Sovereign-Mohawk-Proto/internal/tpm/tpm.go:715.2,717.97 3 0
github.com/rwilliamspbg-ops/Sovereign-Mohawk-Proto/internal/tpm/tpm.go:717.97,719.3 1 0
github.com/rwilliamspbg-ops/Sovereign-Mohawk-Proto/internal/tpm/tpm.go:721.2,722.60 2 0
github.com/rwilliamspbg-ops/Sovereign-Mohawk-Proto/internal/tpm/tpm.go:722.60,724.3 1 0
github.com/rwilliamspbg-ops/Sovereign-Mohawk-Proto/internal/tpm/tpm.go:725.2,726.16 2 0
github.com/rwilliamspbg-ops/Sovereign-Mohawk-Proto/internal/tpm/tpm.go:726.16,728.3 1 0
github.com/rwilliamspbg-ops/Sovereign-Mohawk-Proto/internal/tpm/tpm.go:729.2,729.54 1 0
github.com/rwilliamspbg-ops/Sovereign-Mohawk-Proto/internal/tpm/tpm.go:729.54,731.3 1 0
github.com/rwilliamspbg-ops/Sovereign-Mohawk-Proto/internal/tpm/tpm.go:732.2,734.16 3 0
github.com/rwilliamspbg-ops/Sovereign-Mohawk-Proto/internal/tpm/tpm.go:734.16,736.3 1 0
github.com/rwilliamspbg-ops/Sovereign-Mohawk-Proto/internal/tpm/tpm.go:738.2,750.8 1 0
github.com/rwilliamspbg-ops/Sovereign-Mohawk-Proto/internal/tpm/tpm.go:753.52,765.19 4 3
github.com/rwilliamspbg-ops/Sovereign-Mohawk-Proto/internal/tpm/tpm.go:766.31,767.19 1 2
github.com/rwilliamspbg-ops/Sovereign-Mohawk-Proto/internal/tpm/tpm.go:767.19,769.4 1 0
github.com/rwilliamspbg-ops/Sovereign-Mohawk-Proto/internal/tpm/tpm.go:770.3,771.23 2 2
github.com/rwilliamspbg-ops/Sovereign-Mohawk-Proto/internal/tpm/tpm.go:771.23,773.4 1 0
github.com/rwilliamspbg-ops/Sovereign-Mohawk-Proto/internal/tpm/tpm.go:774.3,775.17 2 2
github.com/rwilliamspbg-ops/Sovereign-Mohawk-Proto/internal/tpm/tpm.go:775.17,777.4 1 0
github.com/rwilliamspbg-ops/Sovereign-Mohawk-Proto/internal/tpm/tpm.go:778.32,785.23 7 1
github.com/rwilliamspbg-ops/Sovereign-Mohawk-Proto/internal/tpm/tpm.go:785.23,787.4 1 0
github.com/rwilliamspbg-ops/Sovereign-Mohawk-Proto/internal/tpm/tpm.go:788.3,788.88 1 1
github.com/rwilliamspbg-ops/Sovereign-Mohawk-Proto/internal/tpm/tpm.go:789.10,790.81 1 0
github.com/rwilliamspbg-ops/Sovereign-Mohawk-Proto/internal/tpm/tpm.go:792.2,793.31 2 3
github.com/rwilliamspbg-ops/Sovereign-Mohawk-Proto/internal/tpm/tpm.go:801.90,804.47 3 1
github.com/rwilliamspbg-ops/Sovereign-Mohawk-Proto/internal/tpm/tpm.go:804.47,813.34 8 256
github.com/rwilliamspbg-ops/Sovereign-Mohawk-Proto/internal/tpm/tpm.go:813.34,815.4 1 123
github.com/rwilliamspbg-ops/Sovereign-Mohawk-Proto/internal/tpm/tpm.go:816.3,816.48 1 256
github.com/rwilliamspbg-ops/Sovereign-Mohawk-Proto/internal/tpm/tpm.go:818.2,818.29 1 1
github.com/rwilliamspbg-ops/Sovereign-Mohawk-Proto/internal/tpm/tpm.go:821.91,824.38 3 2
github.com/rwilliamspbg-ops/Sovereign-Mohawk-Proto/internal/tpm/tpm.go:824.38,826.3 1 0
github.com/rwilliamspbg-ops/Sovereign-Mohawk-Proto/internal/tpm/tpm.go:827.2,827.38 1 2
github.com/rwilliamspbg-ops/Sovereign-Mohawk-Proto/internal/tpm/tpm.go:827.38,829.3 1 0
github.com/rwilliamspbg-ops/Sovereign-Mohawk-Proto/internal/tpm/tpm.go:830.2,830.47 1 2
github.com/rwilliamspbg-ops/Sovereign-Mohawk-Proto/internal/tpm/tpm.go:830.47,836.34 5 512
github.com/rwilliamspbg-ops/Sovereign-Mohawk-Proto/internal/tpm/tpm.go:836.34,837.83 1 266
github.com/rwilliamspbg-ops/Sovereign-Mohawk-Proto/internal/tpm/tpm.go:837.83,839.5 1 0
github.com/rwilliamspbg-ops/Sovereign-Mohawk-Proto/internal/tpm/tpm.go:840.9,842.85 2 246
github.com/rwilliamspbg-ops/Sovereign-Mohawk-Proto/internal/tpm/tpm.go:842.85,844.5 1 0
github.com/rwilliamspbg-ops/Sovereign-Mohawk-Proto/internal/tpm/tpm.go:847.2,847.12 1 2
github.com/rwilliamspbg-ops/Sovereign-Mohawk-Proto/internal/tpm/tpm.go:850.92,858.2 7 512
github.com/rwilliamspbg-ops/Sovereign-Mohawk-Proto/internal/tpm/tpm.go:860.45,863.38 3 768
github.com/rwilliamspbg-ops/Sovereign-Mohawk-Proto/internal/tpm/tpm.go:863.38,865.3 1 369
github.com/rwilliamspbg-ops/Sovereign-Mohawk-Proto/internal/tpm/tpm.go:866.2,866.10 1 399
github.com/rwilliamspbg-ops/Sovereign-Mohawk-Proto/internal/tpm/tpm.go:869.44,870.74 1 512
github.com/rwilliamspbg-ops/Sovereign-Mohawk-Proto/internal/tpm/tpm.go:870.74,872.3 1 0
github.com/rwilliamspbg-ops/Sovereign-Mohawk-Proto/internal/tpm/tpm.go:873.2,874.46 2 512
github.com/rwilliamspbg-ops/Sovereign-Mohawk-Proto/internal/tpm/tpm.go:874.46,876.3 1 16384
github.com/rwilliamspbg-ops/Sovereign-Mohawk-Proto/internal/tpm/tpm.go:877.2,877.18 1 512
github.com/rwilliamspbg-ops/Sovereign-Mohawk-Proto/internal/tpm/tpm.go:880.56,899.16 3 6
github.com/rwilliamspbg-ops/Sovereign-Mohawk-Proto/internal/tpm/tpm.go:899.16,901.3 1 0
github.com/rwilliamspbg-ops/Sovereign-Mohawk-Proto/internal/tpm/tpm.go:902.2,903.23 2 6
github.com/rwilliamspbg-ops/Sovereign-Mohawk-Proto/internal/tpm/tpm.go:906.67,908.18 2 3
github.com/rwilliamspbg-ops/Sovereign-Mohawk-Proto/internal/tpm/tpm.go:908.18,910.3 1 0
github.com/rwilliamspbg-ops/Sovereign-Mohawk-Proto/internal/tpm/tpm.go:911.2,912.16 2 3
github.com/rwilliamspbg-ops/Sovereign-Mohawk-Proto/internal/tpm/tpm.go:912.16,914.3 1 0
github.com/rwilliamspbg-ops/Sovereign-Mohawk-Proto/internal/tpm/tpm.go:915.2,915.18 1 3
github.com/rwilliamspbg-ops/Sovereign-Mohawk-Proto/internal/tpm/tpm.go:918.60,928.19 8 3
github.com/rwilliamspbg-ops/Sovereign-Mohawk-Proto/internal/tpm/tpm.go:928.19,930.17 2 0
github.com/rwilliamspbg-ops/Sovereign-Mohawk-Proto/internal/tpm/tpm.go:930.17,932.4 1 0
github.com/rwilliamspbg-ops/Sovereign-Mohawk-Proto/internal/tpm/tpm.go:933.3,933.21 1 0
github.com/rwilliamspbg-ops/Sovereign-Mohawk-Proto/internal/tpm/tpm.go:934.8,934.27 1 3
github.com/rwilliamspbg-ops/Sovereign-Mohawk-Proto/internal/tpm/tpm.go:934.27,936.21 2 0
github.com/rwilliamspbg-ops/Sovereign-Mohawk-Proto/internal/tpm/tpm.go:936.21,938.4 1 0
github.com/rwilliamspbg-ops/Sovereign-Mohawk-Proto/internal/tpm/tpm.go:939.3,941.17 3 0
github.com/rwilliamspbg-ops/Sovereign-Mohawk-Proto/internal/tpm/tpm.go:941.17,943.4 1 0
github.com/rwilliamspbg-ops/Sovereign-Mohawk-Proto/internal/tpm/tpm.go:944.3,944.23 1 0
github.com/rwilliamspbg-ops/Sovereign-Mohawk-Proto/internal/tpm/tpm.go:945.8,946.20 1 3
github.com/rwilliamspbg-ops/Sovereign-Mohawk-Proto/internal/tpm/tpm.go:946.20,948.4 1 0
github.com/rwilliamspbg-ops/Sovereign-Mohawk-Proto/internal/tpm/tpm.go:949.3,950.43 2 3
github.com/rwilliamspbg-ops/Sovereign-Mohawk-Proto/internal/tpm/tpm.go:950.43,952.4 1 0
github.com/rwilliamspbg-ops/Sovereign-Mohawk-Proto/internal/tpm/tpm.go:953.3,953.30 1 3
github.com/rwilliamspbg-ops/Sovereign-Mohawk-Proto/internal/tpm/tpm.go:956.2,956.20 1 3
github.com/rwilliamspbg-ops/Sovereign-Mohawk-Proto/internal/tpm/tpm.go:956.20,958.3 1 0
github.com/rwilliamspbg-ops/Sovereign-Mohawk-Proto/internal/tpm/tpm.go:959.2,961.52 3 3
github.com/rwilliamspbg-ops/Sovereign-Mohawk-Proto/internal/tpm/verify.go:27.68,30.33 3 0
github.com/rwilliamspbg-ops/Sovereign-Mohawk-Proto/internal/tpm/verify.go:30.33,32.3 1 0
github.com/rwilliamspbg-ops/Sovereign-Mohawk-Proto/internal/tpm/verify.go:33.2,33.12 1 0
